<?xml version="1.0" encoding="UTF-8"?>
<!-- Generated by org.testng.reporters.JUnitXMLReporter -->
<testsuite ignored="0" hostname="Tanu" failures="0" tests="9" name="Default test" time="77.211" errors="0" timestamp="2023-12-15T15:48:24 IST">
  <testcase classname="com.sgtesting.tests.Q2ModifyUser" name="launchBrowser" time="5.017"/>
  <testcase classname="com.sgtesting.tests.Q2ModifyUser" name="navigate" time="3.404"/>
  <testcase classname="com.sgtesting.tests.Q2ModifyUser" name="login" time="4.678"/>
  <testcase classname="com.sgtesting.tests.Q2ModifyUser" name="minimizeFlyWindow" time="1.098"/>
  <testcase classname="com.sgtesting.tests.Q2ModifyUser" name="createUser" time="12.711"/>
  <testcase classname="com.sgtesting.tests.Q2ModifyUser" name="modifyUser" time="6.724"/>
  <testcase classname="com.sgtesting.tests.Q2ModifyUser" name="deleteUser" time="6.441"/>
  <testcase classname="com.sgtesting.tests.Q2ModifyUser" name="logOut" time="2.351"/>
  <testcase classname="com.sgtesting.tests.Q2ModifyUser" name="closeBrowser" time="34.68"/>
</testsuite> <!-- Default test -->
