<?xml version="1.0" encoding="UTF-8"?>
<!-- Generated by org.testng.reporters.JUnitXMLReporter -->
<testsuite ignored="0" hostname="Tanu" failures="0" tests="4" name="Default test" time="0.145" errors="0" timestamp="2023-12-19T20:39:08 IST">
  <testcase classname="comn.sgtesting.tests.testcases.UnitTestCases" name="testCase1" time="0.012"/>
  <testcase classname="comn.sgtesting.tests.testcases.UnitTestCases" name="testCase2" time="0.005"/>
  <testcase classname="comn.sgtesting.tests.testcases.UnitTestCases" name="testCase3" time="0.004"/>
  <testcase classname="comn.sgtesting.tests.testcases.UnitTestCases" name="testCase4" time="0.005"/>
</testsuite> <!-- Default test -->
