<?xml version="1.0" encoding="UTF-8"?>
<!-- Generated by org.testng.reporters.JUnitXMLReporter -->
<testsuite ignored="0" hostname="Tanu" failures="0" tests="32" name="Default test" time="166.225" errors="0" timestamp="2023-12-13T13:03:01 IST">
  <testcase classname="com.sgtesting.tests.Q8AdvancedScenarios" name="launchBrowser" time="4.236"/>
  <testcase classname="com.sgtesting.tests.Q8AdvancedScenarios" name="navigate" time="3.586"/>
  <testcase classname="com.sgtesting.tests.Q8AdvancedScenarios" name="logIn" time="5.571"/>
  <testcase classname="com.sgtesting.tests.Q8AdvancedScenarios" name="minimizeFlyWindow" time="1.106"/>
  <testcase classname="com.sgtesting.tests.Q8AdvancedScenarios" name="createUsers" time="8.909"/>
  <testcase classname="com.sgtesting.tests.Q8AdvancedScenarios" name="createUsers" time="7.645"/>
  <testcase classname="com.sgtesting.tests.Q8AdvancedScenarios" name="createUsers" time="7.274"/>
  <testcase classname="com.sgtesting.tests.Q8AdvancedScenarios" name="logOut" time="2.377"/>
  <testcase classname="com.sgtesting.tests.Q8AdvancedScenarios" name="logInAsUser1" time="11.015"/>
  <testcase classname="com.sgtesting.tests.Q8AdvancedScenarios" name="minimizeFlyWindow1" time="2.117"/>
  <testcase classname="com.sgtesting.tests.Q8AdvancedScenarios" name="logOutUser1" time="4.326"/>
  <testcase classname="com.sgtesting.tests.Q8AdvancedScenarios" name="logInAsUser2" time="6.728"/>
  <testcase classname="com.sgtesting.tests.Q8AdvancedScenarios" name="minimizeFlyWindow2" time="2.101"/>
  <testcase classname="com.sgtesting.tests.Q8AdvancedScenarios" name="logOutUser2" time="4.303"/>
  <testcase classname="com.sgtesting.tests.Q8AdvancedScenarios" name="logInAsUSer3" time="4.747"/>
  <testcase classname="com.sgtesting.tests.Q8AdvancedScenarios" name="minimizeFlyWindow3" time="2.11"/>
  <testcase classname="com.sgtesting.tests.Q8AdvancedScenarios" name="logOutUser3" time="3.3"/>
  <testcase classname="com.sgtesting.tests.Q8AdvancedScenarios" name="adminLogin" time="4.685"/>
  <testcase classname="com.sgtesting.tests.Q8AdvancedScenarios" name="minimizeFlyWindow4" time="2.086"/>
  <testcase classname="com.sgtesting.tests.Q8AdvancedScenarios" name="modifyUsersPassword" time="27.638"/>
  <testcase classname="com.sgtesting.tests.Q8AdvancedScenarios" name="logOutAdmin" time="3.306"/>
  <testcase classname="com.sgtesting.tests.Q8AdvancedScenarios" name="logInAsUser11" time="4.833"/>
  <testcase classname="com.sgtesting.tests.Q8AdvancedScenarios" name="logOutUser11" time="4.252"/>
  <testcase classname="com.sgtesting.tests.Q8AdvancedScenarios" name="logInAsUser21" time="4.742"/>
  <testcase classname="com.sgtesting.tests.Q8AdvancedScenarios" name="logOutUser21" time="4.254"/>
  <testcase classname="com.sgtesting.tests.Q8AdvancedScenarios" name="logInAsUSer31" time="4.659"/>
  <testcase classname="com.sgtesting.tests.Q8AdvancedScenarios" name="logOutUser31" time="3.252"/>
  <testcase classname="com.sgtesting.tests.Q8AdvancedScenarios" name="logInAsAdmin1" time="4.73"/>
  <testcase classname="com.sgtesting.tests.Q8AdvancedScenarios" name="minimizeFlyWindow41" time="2.082"/>
  <testcase classname="com.sgtesting.tests.Q8AdvancedScenarios" name="deleteUsers" time="10.214"/>
  <testcase classname="com.sgtesting.tests.Q8AdvancedScenarios" name="logOutAdmin1" time="3.353"/>
  <testcase classname="com.sgtesting.tests.Q8AdvancedScenarios" name="closeApplication" time="0.479"/>
</testsuite> <!-- Default test -->
