<?xml version="1.0" encoding="UTF-8"?>
<!-- Generated by org.testng.reporters.JUnitXMLReporter -->
<testsuite ignored="0" hostname="Tanu" failures="0" tests="7" name="Scenarios" time="24.948" errors="0" timestamp="2023-12-09T18:45:07 IST">
  <testcase classname="com.sgtesting.tests.CreateUserScenario" name="launchBrowser" time="6.128"/>
  <testcase classname="com.sgtesting.tests.CreateUserScenario" name="navigate" time="0.86"/>
  <testcase classname="com.sgtesting.tests.CreateUserScenario" name="login" time="6.186"/>
  <testcase classname="com.sgtesting.tests.CreateUserScenario" name="minimizeFlyOutWindow" time="2.114"/>
  <testcase classname="com.sgtesting.tests.CreateUserScenario" name="createUser" time="6.632"/>
  <testcase classname="com.sgtesting.tests.CreateUserScenario" name="logout" time="2.488"/>
  <testcase classname="com.sgtesting.tests.CreateUserScenario" name="closeApplication" time="0.492"/>
</testsuite> <!-- Scenarios -->
