<?xml version="1.0" encoding="UTF-8"?>
<!-- Generated by org.testng.reporters.JUnitXMLReporter -->
<testsuite ignored="0" hostname="Tanu" failures="0" tests="139" name="Scenarios" time="717.917" errors="0" timestamp="2023-12-15T11:58:53 IST">
  <testcase classname="com.sgtesting.tests.Q1CreateDeleteUserScenario" name="launchBrowser" time="4.949"/>
  <testcase classname="com.sgtesting.tests.Q1CreateDeleteUserScenario" name="navigate" time="3.45"/>
  <testcase classname="com.sgtesting.tests.Q1CreateDeleteUserScenario" name="login" time="4.678"/>
  <testcase classname="com.sgtesting.tests.Q1CreateDeleteUserScenario" name="minimizeFlyWindow" time="1.131"/>
  <testcase classname="com.sgtesting.tests.Q1CreateDeleteUserScenario" name="createUser" time="13.049"/>
  <testcase classname="com.sgtesting.tests.Q1CreateDeleteUserScenario" name="deleteUser" time="6.625"/>
  <testcase classname="com.sgtesting.tests.Q1CreateDeleteUserScenario" name="logOut" time="2.575"/>
  <testcase classname="com.sgtesting.tests.Q1CreateDeleteUserScenario" name="closeBrowser" time="16.447"/>
  <testcase classname="com.sgtesting.tests.Q2ModifyUser" name="launchBrowser" time="2.16"/>
  <testcase classname="com.sgtesting.tests.Q2ModifyUser" name="navigate" time="3.474"/>
  <testcase classname="com.sgtesting.tests.Q2ModifyUser" name="login" time="4.696"/>
  <testcase classname="com.sgtesting.tests.Q2ModifyUser" name="minimizeFlyWindow" time="1.104"/>
  <testcase classname="com.sgtesting.tests.Q2ModifyUser" name="createUser" time="12.907"/>
  <testcase classname="com.sgtesting.tests.Q2ModifyUser" name="modifyUser" time="6.848"/>
  <testcase classname="com.sgtesting.tests.Q2ModifyUser" name="deleteUser" time="6.716"/>
  <testcase classname="com.sgtesting.tests.Q2ModifyUser" name="logOut" time="2.38"/>
  <testcase classname="com.sgtesting.tests.Q2ModifyUser" name="closeBrowser" time="5.311"/>
  <testcase classname="com.sgtesting.tests.Q3CreateDeleteCustomer" name="launchBrowser" time="2.063"/>
  <testcase classname="com.sgtesting.tests.Q3CreateDeleteCustomer" name="navigate" time="3.396"/>
  <testcase classname="com.sgtesting.tests.Q3CreateDeleteCustomer" name="login" time="4.396"/>
  <testcase classname="com.sgtesting.tests.Q3CreateDeleteCustomer" name="minimizeFlyWindow" time="1.138"/>
  <testcase classname="com.sgtesting.tests.Q3CreateDeleteCustomer" name="createCustomer" time="9.862"/>
  <testcase classname="com.sgtesting.tests.Q3CreateDeleteCustomer" name="deleteCustomer" time="8.548"/>
  <testcase classname="com.sgtesting.tests.Q3CreateDeleteCustomer" name="logOutAdmin" time="1.363"/>
  <testcase classname="com.sgtesting.tests.Q3CreateDeleteCustomer" name="closeBrowser" time="6.048"/>
  <testcase classname="com.sgtesting.tests.Q4CreateModifyDeleteCustomer" name="launchBrowser" time="2.188"/>
  <testcase classname="com.sgtesting.tests.Q4CreateModifyDeleteCustomer" name="navigate" time="3.436"/>
  <testcase classname="com.sgtesting.tests.Q4CreateModifyDeleteCustomer" name="login" time="4.651"/>
  <testcase classname="com.sgtesting.tests.Q4CreateModifyDeleteCustomer" name="minimizeFlyWindow" time="1.075"/>
  <testcase classname="com.sgtesting.tests.Q4CreateModifyDeleteCustomer" name="createCustomer" time="9.524"/>
  <testcase classname="com.sgtesting.tests.Q4CreateModifyDeleteCustomer" name="modifyCustomer" time="5.419"/>
  <testcase classname="com.sgtesting.tests.Q4CreateModifyDeleteCustomer" name="deleteCustomer" time="8.741"/>
  <testcase classname="com.sgtesting.tests.Q4CreateModifyDeleteCustomer" name="logOutAdmin" time="1.434"/>
  <testcase classname="com.sgtesting.tests.Q4CreateModifyDeleteCustomer" name="closeBrowser" time="20.311"/>
  <testcase classname="com.sgtesting.tests.Q5CreateCustomeProjectAndDelete" name="launchBrowser" time="2.233"/>
  <testcase classname="com.sgtesting.tests.Q5CreateCustomeProjectAndDelete" name="navigate" time="3.476"/>
  <testcase classname="com.sgtesting.tests.Q5CreateCustomeProjectAndDelete" name="login" time="4.735"/>
  <testcase classname="com.sgtesting.tests.Q5CreateCustomeProjectAndDelete" name="minimizeFlyWindow" time="1.153"/>
  <testcase classname="com.sgtesting.tests.Q5CreateCustomeProjectAndDelete" name="createCustomer" time="9.692"/>
  <testcase classname="com.sgtesting.tests.Q5CreateCustomeProjectAndDelete" name="createProject" time="8.07"/>
  <testcase classname="com.sgtesting.tests.Q5CreateCustomeProjectAndDelete" name="deleteCustomer" time="8.599"/>
  <testcase classname="com.sgtesting.tests.Q5CreateCustomeProjectAndDelete" name="logOutAdmin" time="1.322"/>
  <testcase classname="com.sgtesting.tests.Q5CreateCustomeProjectAndDelete" name="closeBrowser" time="5.727"/>
  <testcase classname="com.sgtesting.tests.Q6CreateCustomeProjectModifyProjectAndDeleteAll" name="launchBrowser" time="2.154"/>
  <testcase classname="com.sgtesting.tests.Q6CreateCustomeProjectModifyProjectAndDeleteAll" name="navigate" time="3.387"/>
  <testcase classname="com.sgtesting.tests.Q6CreateCustomeProjectModifyProjectAndDeleteAll" name="login" time="4.475"/>
  <testcase classname="com.sgtesting.tests.Q6CreateCustomeProjectModifyProjectAndDeleteAll" name="minimizeFlyWindow" time="1.095"/>
  <testcase classname="com.sgtesting.tests.Q6CreateCustomeProjectModifyProjectAndDeleteAll" name="createCustomer" time="9.691"/>
  <testcase classname="com.sgtesting.tests.Q6CreateCustomeProjectModifyProjectAndDeleteAll" name="createProject" time="7.698"/>
  <testcase classname="com.sgtesting.tests.Q6CreateCustomeProjectModifyProjectAndDeleteAll" name="modifyProject" time="5.54"/>
  <testcase classname="com.sgtesting.tests.Q6CreateCustomeProjectModifyProjectAndDeleteAll" name="deleteCustomer" time="8.618"/>
  <testcase classname="com.sgtesting.tests.Q6CreateCustomeProjectModifyProjectAndDeleteAll" name="logOutAdmin" time="1.366"/>
  <testcase classname="com.sgtesting.tests.Q6CreateCustomeProjectModifyProjectAndDeleteAll" name="closeBrowser" time="5.789"/>
  <testcase classname="com.sgtesting.tests.Q7CreateCustomerProjectTaskAndDeleteAll" name="launchBrowser" time="2.101"/>
  <testcase classname="com.sgtesting.tests.Q7CreateCustomerProjectTaskAndDeleteAll" name="navigate" time="3.359"/>
  <testcase classname="com.sgtesting.tests.Q7CreateCustomerProjectTaskAndDeleteAll" name="login" time="6.723"/>
  <testcase classname="com.sgtesting.tests.Q7CreateCustomerProjectTaskAndDeleteAll" name="minimizeFlyWindow" time="1.148"/>
  <testcase classname="com.sgtesting.tests.Q7CreateCustomerProjectTaskAndDeleteAll" name="createCustomer" time="10.143"/>
  <testcase classname="com.sgtesting.tests.Q7CreateCustomerProjectTaskAndDeleteAll" name="createProject" time="7.749"/>
  <testcase classname="com.sgtesting.tests.Q7CreateCustomerProjectTaskAndDeleteAll" name="createTask" time="7.713"/>
  <testcase classname="com.sgtesting.tests.Q7CreateCustomerProjectTaskAndDeleteAll" name="deleteTask" time="10.417"/>
  <testcase classname="com.sgtesting.tests.Q7CreateCustomerProjectTaskAndDeleteAll" name="deleteProject" time="9.594"/>
  <testcase classname="com.sgtesting.tests.Q7CreateCustomerProjectTaskAndDeleteAll" name="deleteCustomer" time="8.498"/>
  <testcase classname="com.sgtesting.tests.Q7CreateCustomerProjectTaskAndDeleteAll" name="logOutAdmin" time="1.392"/>
  <testcase classname="com.sgtesting.tests.Q7CreateCustomerProjectTaskAndDeleteAll" name="closeBrowser" time="5.958"/>
  <testcase classname="com.sgtesting.tests.Q8AdvancedScenarios" name="launchBrowser" time="2.362"/>
  <testcase classname="com.sgtesting.tests.Q8AdvancedScenarios" name="navigate" time="3.442"/>
  <testcase classname="com.sgtesting.tests.Q8AdvancedScenarios" name="login" time="4.623"/>
  <testcase classname="com.sgtesting.tests.Q8AdvancedScenarios" name="minimizeFlyWindow" time="1.072"/>
  <testcase classname="com.sgtesting.tests.Q8AdvancedScenarios" name="createUsers" time="8.705"/>
  <testcase classname="com.sgtesting.tests.Q8AdvancedScenarios" name="createUsers" time="7.401"/>
  <testcase classname="com.sgtesting.tests.Q8AdvancedScenarios" name="createUsers" time="7.303"/>
  <testcase classname="com.sgtesting.tests.Q8AdvancedScenarios" name="logOut" time="1.296"/>
  <testcase classname="com.sgtesting.tests.Q8AdvancedScenarios" name="logInAsUser1" time="8.626"/>
  <testcase classname="com.sgtesting.tests.Q8AdvancedScenarios" name="minimizeFlyWindow1" time="2.226"/>
  <testcase classname="com.sgtesting.tests.Q8AdvancedScenarios" name="logOutUser1" time="1.3"/>
  <testcase classname="com.sgtesting.tests.Q8AdvancedScenarios" name="logInAsUser2" time="5.839"/>
  <testcase classname="com.sgtesting.tests.Q8AdvancedScenarios" name="minimizeFlyWindow2" time="2.098"/>
  <testcase classname="com.sgtesting.tests.Q8AdvancedScenarios" name="logOutUser2" time="1.408"/>
  <testcase classname="com.sgtesting.tests.Q8AdvancedScenarios" name="logInAsUSer3" time="7.34"/>
  <testcase classname="com.sgtesting.tests.Q8AdvancedScenarios" name="minimizeFlyWindow3" time="2.192"/>
  <testcase classname="com.sgtesting.tests.Q8AdvancedScenarios" name="logOutUser3" time="1.348"/>
  <testcase classname="com.sgtesting.tests.Q8AdvancedScenarios" name="adminLogin" time="5.406"/>
  <testcase classname="com.sgtesting.tests.Q8AdvancedScenarios" name="minimizeFlyWindow4" time="2.172"/>
  <testcase classname="com.sgtesting.tests.Q8AdvancedScenarios" name="modifyUsersPassword" time="28.3"/>
  <testcase classname="com.sgtesting.tests.Q8AdvancedScenarios" name="logOutAdmin" time="1.399"/>
  <testcase classname="com.sgtesting.tests.Q8AdvancedScenarios" name="logInAsUser11" time="5.953"/>
  <testcase classname="com.sgtesting.tests.Q8AdvancedScenarios" name="logOutUser11" time="1.33"/>
  <testcase classname="com.sgtesting.tests.Q8AdvancedScenarios" name="logInAsUser21" time="5.549"/>
  <testcase classname="com.sgtesting.tests.Q8AdvancedScenarios" name="logOutUser21" time="1.311"/>
  <testcase classname="com.sgtesting.tests.Q8AdvancedScenarios" name="logInAsUSer31" time="5.592"/>
  <testcase classname="com.sgtesting.tests.Q8AdvancedScenarios" name="logOutUser31" time="1.267"/>
  <testcase classname="com.sgtesting.tests.Q8AdvancedScenarios" name="logInAsAdmin1" time="5.819"/>
  <testcase classname="com.sgtesting.tests.Q8AdvancedScenarios" name="minimizeFlyWindow41" time="2.141"/>
  <testcase classname="com.sgtesting.tests.Q8AdvancedScenarios" name="deleteUsers" time="10.842"/>
  <testcase classname="com.sgtesting.tests.Q8AdvancedScenarios" name="logOutAdmin1" time="1.361"/>
  <testcase classname="com.sgtesting.tests.Q8AdvancedScenarios" name="closeApplication" time="6.054"/>
  <testcase classname="com.sgtesting.tests.Q9AdvancedScenarioScenarios2" name="launchBrowser" time="2.921"/>
  <testcase classname="com.sgtesting.tests.Q9AdvancedScenarioScenarios2" name="navigate" time="3.423"/>
  <testcase classname="com.sgtesting.tests.Q9AdvancedScenarioScenarios2" name="login" time="6.841"/>
  <testcase classname="com.sgtesting.tests.Q9AdvancedScenarioScenarios2" name="minimizeFlyWindow" time="1.09"/>
  <testcase classname="com.sgtesting.tests.Q9AdvancedScenarioScenarios2" name="createUser1" time="13.165"/>
  <testcase classname="com.sgtesting.tests.Q9AdvancedScenarioScenarios2" name="logOutAdmin" time="1.326"/>
  <testcase classname="com.sgtesting.tests.Q9AdvancedScenarioScenarios2" name="logInAsUser1" time="8.497"/>
  <testcase classname="com.sgtesting.tests.Q9AdvancedScenarioScenarios2" name="minimizeFlyWindow1" time="2.114"/>
  <testcase classname="com.sgtesting.tests.Q9AdvancedScenarioScenarios2" name="createUser2" time="12.173"/>
  <testcase classname="com.sgtesting.tests.Q9AdvancedScenarioScenarios2" name="logOutUser1" time="1.326"/>
  <testcase classname="com.sgtesting.tests.Q9AdvancedScenarioScenarios2" name="logInAsUser2" time="9.208"/>
  <testcase classname="com.sgtesting.tests.Q9AdvancedScenarioScenarios2" name="minimizeFlyWindow2" time="2.095"/>
  <testcase classname="com.sgtesting.tests.Q9AdvancedScenarioScenarios2" name="createUser3" time="11.888"/>
  <testcase classname="com.sgtesting.tests.Q9AdvancedScenarioScenarios2" name="logOutUser2" time="1.324"/>
  <testcase classname="com.sgtesting.tests.Q9AdvancedScenarioScenarios2" name="logInAsUser3" time="5.928"/>
  <testcase classname="com.sgtesting.tests.Q9AdvancedScenarioScenarios2" name="minimizeFlyWindow3" time="2.137"/>
  <testcase classname="com.sgtesting.tests.Q9AdvancedScenarioScenarios2" name="logOutUser3" time="1.308"/>
  <testcase classname="com.sgtesting.tests.Q9AdvancedScenarioScenarios2" name="logInAsUser21" time="5.888"/>
  <testcase classname="com.sgtesting.tests.Q9AdvancedScenarioScenarios2" name="modifyUser3" time="10.464"/>
  <testcase classname="com.sgtesting.tests.Q9AdvancedScenarioScenarios2" name="logOutUser21" time="1.402"/>
  <testcase classname="com.sgtesting.tests.Q9AdvancedScenarioScenarios2" name="logInAsUser31" time="5.621"/>
  <testcase classname="com.sgtesting.tests.Q9AdvancedScenarioScenarios2" name="logOutUser31" time="1.281"/>
  <testcase classname="com.sgtesting.tests.Q9AdvancedScenarioScenarios2" name="logInAsUser11" time="5.625"/>
  <testcase classname="com.sgtesting.tests.Q9AdvancedScenarioScenarios2" name="modifyUser2" time="11.069"/>
  <testcase classname="com.sgtesting.tests.Q9AdvancedScenarioScenarios2" name="logOutUser11" time="1.338"/>
  <testcase classname="com.sgtesting.tests.Q9AdvancedScenarioScenarios2" name="logInAsUser22" time="5.871"/>
  <testcase classname="com.sgtesting.tests.Q9AdvancedScenarioScenarios2" name="logOutUser22" time="1.278"/>
  <testcase classname="com.sgtesting.tests.Q9AdvancedScenarioScenarios2" name="logInAdmin" time="5.548"/>
  <testcase classname="com.sgtesting.tests.Q9AdvancedScenarioScenarios2" name="modifyUser1" time="10.273"/>
  <testcase classname="com.sgtesting.tests.Q9AdvancedScenarioScenarios2" name="logOutAdmin1" time="1.31"/>
  <testcase classname="com.sgtesting.tests.Q9AdvancedScenarioScenarios2" name="logInAsUser12" time="5.984"/>
  <testcase classname="com.sgtesting.tests.Q9AdvancedScenarioScenarios2" name="logOutUser12" time="1.348"/>
  <testcase classname="com.sgtesting.tests.Q9AdvancedScenarioScenarios2" name="logInAsUser23" time="5.845"/>
  <testcase classname="com.sgtesting.tests.Q9AdvancedScenarioScenarios2" name="deleteUser3" time="4.7"/>
  <testcase classname="com.sgtesting.tests.Q9AdvancedScenarioScenarios2" name="logOutUser23" time="1.434"/>
  <testcase classname="com.sgtesting.tests.Q9AdvancedScenarioScenarios2" name="logInAsUser13" time="5.905"/>
  <testcase classname="com.sgtesting.tests.Q9AdvancedScenarioScenarios2" name="deleteUser2" time="4.352"/>
  <testcase classname="com.sgtesting.tests.Q9AdvancedScenarioScenarios2" name="logOutUser13" time="1.316"/>
  <testcase classname="com.sgtesting.tests.Q9AdvancedScenarioScenarios2" name="logInAdmin1" time="5.761"/>
  <testcase classname="com.sgtesting.tests.Q9AdvancedScenarioScenarios2" name="deleteUser1" time="4.282"/>
  <testcase classname="com.sgtesting.tests.Q9AdvancedScenarioScenarios2" name="logOutAdmin12" time="1.351"/>
  <testcase classname="com.sgtesting.tests.Q9AdvancedScenarioScenarios2" name="closeApplication" time="5.613"/>
</testsuite> <!-- Scenarios -->
