<?xml version="1.0" encoding="UTF-8"?>
<!-- Generated by org.testng.reporters.JUnitXMLReporter -->
<testsuite ignored="0" hostname="Tanu" failures="0" tests="13" name="Scenarios" time="40.454" errors="0" timestamp="2023-12-09T19:00:38 IST">
  <testcase classname="com.sgtesting.tests.LoginLogoutScenario" name="launchBrowser" time="3.732"/>
  <testcase classname="com.sgtesting.tests.LoginLogoutScenario" name="navigate" time="0.857"/>
  <testcase classname="com.sgtesting.tests.LoginLogoutScenario" name="login" time="5.486"/>
  <testcase classname="com.sgtesting.tests.LoginLogoutScenario" name="minimizeFlyOutWindow" time="2.246"/>
  <testcase classname="com.sgtesting.tests.LoginLogoutScenario" name="logout" time="2.807"/>
  <testcase classname="com.sgtesting.tests.LoginLogoutScenario" name="closeApplication" time="0.885"/>
  <testcase classname="com.sgtesting.tests.CreateUserScenario" name="launchBrowser" time="3.246"/>
  <testcase classname="com.sgtesting.tests.CreateUserScenario" name="navigate" time="0.934"/>
  <testcase classname="com.sgtesting.tests.CreateUserScenario" name="login" time="6.366"/>
  <testcase classname="com.sgtesting.tests.CreateUserScenario" name="minimizeFlyOutWindow" time="2.317"/>
  <testcase classname="com.sgtesting.tests.CreateUserScenario" name="createUser" time="7.765"/>
  <testcase classname="com.sgtesting.tests.CreateUserScenario" name="logout" time="2.485"/>
  <testcase classname="com.sgtesting.tests.CreateUserScenario" name="closeApplication" time="1.246"/>
</testsuite> <!-- Scenarios -->
