<?xml version="1.0" encoding="UTF-8"?>
<testng-results ignored="0" total="9" passed="9" failed="0" skipped="0">
  <reporter-output>
  </reporter-output>
  <suite started-at="2023-12-15T15:47:05 IST" name="Default suite" finished-at="2023-12-15T15:48:22 IST" duration-ms="77211">
    <groups>
    </groups>
    <test started-at="2023-12-15T15:47:05 IST" name="Default test" finished-at="2023-12-15T15:48:22 IST" duration-ms="77211">
      <class name="com.sgtesting.tests.Q2ModifyUser">
        <test-method signature="launchBrowser()[pri:1, instance:com.sgtesting.tests.Q2ModifyUser@6fd83fc1]" started-at="2023-12-15T15:47:05 IST" name="launchBrowser" finished-at="2023-12-15T15:47:10 IST" duration-ms="5017" status="PASS">
          <reporter-output>
          </reporter-output>
        </test-method> <!-- launchBrowser -->
        <test-method signature="navigate(java.lang.String)[pri:2, instance:com.sgtesting.tests.Q2ModifyUser@6fd83fc1]" started-at="2023-12-15T15:47:10 IST" name="navigate" data-provider="navigateURL" finished-at="2023-12-15T15:47:14 IST" duration-ms="3404" status="PASS">
          <params>
            <param index="0">
              <value>
                <![CDATA[http://localhost/login.do]]>
              </value>
            </param>
          </params>
          <reporter-output>
          </reporter-output>
        </test-method> <!-- navigate -->
        <test-method signature="login(java.lang.String,java.lang.String)[pri:3, instance:com.sgtesting.tests.Q2ModifyUser@6fd83fc1]" started-at="2023-12-15T15:47:14 IST" name="login" data-provider="adminLoginData" finished-at="2023-12-15T15:47:18 IST" duration-ms="4678" status="PASS">
          <params>
            <param index="0">
              <value>
                <![CDATA[admin]]>
              </value>
            </param>
            <param index="1">
              <value>
                <![CDATA[manager]]>
              </value>
            </param>
          </params>
          <reporter-output>
          </reporter-output>
        </test-method> <!-- login -->
        <test-method signature="minimizeFlyWindow()[pri:4, instance:com.sgtesting.tests.Q2ModifyUser@6fd83fc1]" started-at="2023-12-15T15:47:18 IST" name="minimizeFlyWindow" finished-at="2023-12-15T15:47:20 IST" duration-ms="1098" status="PASS">
          <reporter-output>
          </reporter-output>
        </test-method> <!-- minimizeFlyWindow -->
        <test-method signature="createUser(java.lang.String,java.lang.String,java.lang.String,java.lang.String,java.lang.String,java.lang.String)[pri:5, instance:com.sgtesting.tests.Q2ModifyUser@6fd83fc1]" started-at="2023-12-15T15:47:20 IST" name="createUser" data-provider="createUserData" finished-at="2023-12-15T15:47:32 IST" duration-ms="12711" status="PASS">
          <params>
            <param index="0">
              <value>
                <![CDATA[User1]]>
              </value>
            </param>
            <param index="1">
              <value>
                <![CDATA[Demo]]>
              </value>
            </param>
            <param index="2">
              <value>
                <![CDATA[asdfg@gmail.com]]>
              </value>
            </param>
            <param index="3">
              <value>
                <![CDATA[DemoUser1]]>
              </value>
            </param>
            <param index="4">
              <value>
                <![CDATA[asdf@123]]>
              </value>
            </param>
            <param index="5">
              <value>
                <![CDATA[asdf@123]]>
              </value>
            </param>
          </params>
          <reporter-output>
          </reporter-output>
        </test-method> <!-- createUser -->
        <test-method signature="modifyUser(java.lang.String)[pri:6, instance:com.sgtesting.tests.Q2ModifyUser@6fd83fc1]" started-at="2023-12-15T15:47:32 IST" name="modifyUser" data-provider="modifyUserData" finished-at="2023-12-15T15:47:39 IST" duration-ms="6724" status="PASS">
          <params>
            <param index="0">
              <value>
                <![CDATA[zxcvb@gmail.com]]>
              </value>
            </param>
          </params>
          <reporter-output>
          </reporter-output>
        </test-method> <!-- modifyUser -->
        <test-method signature="deleteUser()[pri:7, instance:com.sgtesting.tests.Q2ModifyUser@6fd83fc1]" started-at="2023-12-15T15:47:39 IST" name="deleteUser" finished-at="2023-12-15T15:47:45 IST" duration-ms="6441" status="PASS">
          <reporter-output>
          </reporter-output>
        </test-method> <!-- deleteUser -->
        <test-method signature="logOut()[pri:8, instance:com.sgtesting.tests.Q2ModifyUser@6fd83fc1]" started-at="2023-12-15T15:47:45 IST" name="logOut" finished-at="2023-12-15T15:47:48 IST" duration-ms="2351" status="PASS">
          <reporter-output>
          </reporter-output>
        </test-method> <!-- logOut -->
        <test-method signature="closeBrowser()[pri:9, instance:com.sgtesting.tests.Q2ModifyUser@6fd83fc1]" started-at="2023-12-15T15:47:48 IST" name="closeBrowser" finished-at="2023-12-15T15:48:22 IST" duration-ms="34680" status="PASS">
          <reporter-output>
          </reporter-output>
        </test-method> <!-- closeBrowser -->
      </class> <!-- com.sgtesting.tests.Q2ModifyUser -->
    </test> <!-- Default test -->
  </suite> <!-- Default suite -->
</testng-results>
