<?xml version="1.0" encoding="UTF-8"?>
<!-- Generated by org.testng.reporters.JUnitXMLReporter -->
<testsuite ignored="0" hostname="Tanu" failures="1" tests="13" name="Scenarios" time="42.863" errors="0" timestamp="2023-12-09T18:51:36 IST">
  <testcase classname="com.sgtesting.tests.LoginLogoutScenario" name="launchBrowser" time="5.999"/>
  <testcase classname="com.sgtesting.tests.LoginLogoutScenario" name="navigate" time="0.886"/>
  <testcase classname="com.sgtesting.tests.LoginLogoutScenario" name="login" time="5.805"/>
  <testcase classname="com.sgtesting.tests.LoginLogoutScenario" name="minimizeFlyOutWindow" time="2.368"/>
  <testcase classname="com.sgtesting.tests.LoginLogoutScenario" name="logout" time="2.846"/>
  <testcase classname="com.sgtesting.tests.LoginLogoutScenario" name="closeApplication" time="0.756"/>
  <testcase classname="com.sgtesting.tests.CreateUserScenario" name="launchBrowser" time="3.549"/>
  <testcase classname="com.sgtesting.tests.CreateUserScenario" name="navigate" time="0.817"/>
  <testcase classname="com.sgtesting.tests.CreateUserScenario" name="login" time="6.83"/>
  <testcase classname="com.sgtesting.tests.CreateUserScenario" name="minimizeFlyOutWindow" time="2.328">
    <failure type="java.lang.AssertionError" message="expected [true] but found [false]">
      <![CDATA[java.lang.AssertionError: expected [true] but found [false]
at com.sgtesting.tests.CreateUserScenario.minimizeFlyOutWindow(CreateUserScenario.java:66)
at java.base/java.util.ArrayList.forEach(ArrayList.java:1541)
... Removed 31 stack frames]]>
    </failure>
  </testcase> <!-- minimizeFlyOutWindow -->
  <testcase classname="com.sgtesting.tests.CreateUserScenario" name="createUser" time="8.025"/>
  <testcase classname="com.sgtesting.tests.CreateUserScenario" name="logout" time="1.327"/>
  <testcase classname="com.sgtesting.tests.CreateUserScenario" name="closeApplication" time="1.233"/>
</testsuite> <!-- Scenarios -->
