<?xml version="1.0" encoding="UTF-8"?>
<!-- Generated by org.testng.reporters.JUnitXMLReporter -->
<testsuite ignored="0" hostname="RanavRakshi" failures="0" tests="4" name="Default test" time="3.274" errors="0" timestamp="2024-01-26T19:58:53 IST">
  <testcase classname="com.sgtesting.tests.assignments.AssignmentQ2" name="createUser" time="2.052"/>
  <testcase classname="com.sgtesting.tests.assignments.AssignmentQ2" name="displayUser" time="0.405"/>
  <testcase classname="com.sgtesting.tests.assignments.AssignmentQ2" name="editUser" time="0.409"/>
  <testcase classname="com.sgtesting.tests.assignments.AssignmentQ2" name="deleteUser" time="0.373"/>
</testsuite> <!-- Default test -->
