<?xml version="1.0" encoding="UTF-8"?>
<testng-results ignored="0" total="147" passed="147" failed="0" skipped="0">
  <reporter-output>
  </reporter-output>
  <suite started-at="2023-12-13T13:04:16 IST" name="TestngScenario" finished-at="2023-12-13T13:15:56 IST" duration-ms="700031">
    <groups>
    </groups>
    <test started-at="2023-12-13T13:04:16 IST" name="Scenarios" finished-at="2023-12-13T13:15:56 IST" duration-ms="700031">
      <class name="com.sgtesting.tests.Q2ModifyUser">
        <test-method signature="launchBrowser()[pri:1, instance:com.sgtesting.tests.Q2ModifyUser@576d5deb]" started-at="2023-12-13T13:05:16 IST" name="launchBrowser" finished-at="2023-12-13T13:05:19 IST" duration-ms="2875" status="PASS">
          <reporter-output>
          </reporter-output>
        </test-method> <!-- launchBrowser -->
        <test-method signature="navigate()[pri:2, instance:com.sgtesting.tests.Q2ModifyUser@576d5deb]" started-at="2023-12-13T13:05:19 IST" name="navigate" finished-at="2023-12-13T13:05:23 IST" duration-ms="3428" status="PASS">
          <reporter-output>
          </reporter-output>
        </test-method> <!-- navigate -->
        <test-method signature="logIn(java.lang.String,java.lang.String)[pri:3, instance:com.sgtesting.tests.Q2ModifyUser@576d5deb]" started-at="2023-12-13T13:05:23 IST" name="logIn" data-provider="adminLoginData" finished-at="2023-12-13T13:05:28 IST" duration-ms="5689" status="PASS">
          <params>
            <param index="0">
              <value>
                <![CDATA[admin]]>
              </value>
            </param>
            <param index="1">
              <value>
                <![CDATA[manager]]>
              </value>
            </param>
          </params>
          <reporter-output>
          </reporter-output>
        </test-method> <!-- logIn -->
        <test-method signature="minimizeFlyWindow()[pri:4, instance:com.sgtesting.tests.Q2ModifyUser@576d5deb]" started-at="2023-12-13T13:05:28 IST" name="minimizeFlyWindow" finished-at="2023-12-13T13:05:29 IST" duration-ms="1084" status="PASS">
          <reporter-output>
          </reporter-output>
        </test-method> <!-- minimizeFlyWindow -->
        <test-method signature="createUser(java.lang.String,java.lang.String,java.lang.String,java.lang.String,java.lang.String,java.lang.String)[pri:5, instance:com.sgtesting.tests.Q2ModifyUser@576d5deb]" started-at="2023-12-13T13:05:29 IST" name="createUser" data-provider="createUserData" finished-at="2023-12-13T13:05:39 IST" duration-ms="9402" status="PASS">
          <params>
            <param index="0">
              <value>
                <![CDATA[User1]]>
              </value>
            </param>
            <param index="1">
              <value>
                <![CDATA[Demo]]>
              </value>
            </param>
            <param index="2">
              <value>
                <![CDATA[asdfg@gmail.com]]>
              </value>
            </param>
            <param index="3">
              <value>
                <![CDATA[DemoUser1]]>
              </value>
            </param>
            <param index="4">
              <value>
                <![CDATA[asdf@123]]>
              </value>
            </param>
            <param index="5">
              <value>
                <![CDATA[asdf@123]]>
              </value>
            </param>
          </params>
          <reporter-output>
          </reporter-output>
        </test-method> <!-- createUser -->
        <test-method signature="modifyUser(java.lang.String)[pri:6, instance:com.sgtesting.tests.Q2ModifyUser@576d5deb]" started-at="2023-12-13T13:05:39 IST" name="modifyUser" data-provider="modifyUserData" finished-at="2023-12-13T13:05:46 IST" duration-ms="6960" status="PASS">
          <params>
            <param index="0">
              <value>
                <![CDATA[zxcvb@gmail.com]]>
              </value>
            </param>
          </params>
          <reporter-output>
          </reporter-output>
        </test-method> <!-- modifyUser -->
        <test-method signature="deleteUser()[pri:7, instance:com.sgtesting.tests.Q2ModifyUser@576d5deb]" started-at="2023-12-13T13:05:46 IST" name="deleteUser" finished-at="2023-12-13T13:05:50 IST" duration-ms="4465" status="PASS">
          <reporter-output>
          </reporter-output>
        </test-method> <!-- deleteUser -->
        <test-method signature="logOut()[pri:8, instance:com.sgtesting.tests.Q2ModifyUser@576d5deb]" started-at="2023-12-13T13:05:50 IST" name="logOut" finished-at="2023-12-13T13:05:52 IST" duration-ms="1566" status="PASS">
          <reporter-output>
          </reporter-output>
        </test-method> <!-- logOut -->
        <test-method signature="closeBrowser()[pri:9, instance:com.sgtesting.tests.Q2ModifyUser@576d5deb]" started-at="2023-12-13T13:05:52 IST" name="closeBrowser" finished-at="2023-12-13T13:05:59 IST" duration-ms="7038" status="PASS">
          <reporter-output>
          </reporter-output>
        </test-method> <!-- closeBrowser -->
      </class> <!-- com.sgtesting.tests.Q2ModifyUser -->
      <class name="com.sgtesting.tests.LoginLogoutScenario">
        <test-method signature="launchBrowser()[pri:1, instance:com.sgtesting.tests.LoginLogoutScenario@1151e434]" started-at="2023-12-13T13:04:17 IST" name="launchBrowser" finished-at="2023-12-13T13:04:21 IST" duration-ms="4513" status="PASS">
          <reporter-output>
          </reporter-output>
        </test-method> <!-- launchBrowser -->
        <test-method signature="navigate(java.lang.String)[pri:2, instance:com.sgtesting.tests.LoginLogoutScenario@1151e434]" started-at="2023-12-13T13:04:21 IST" name="navigate" data-provider="navigateURL" finished-at="2023-12-13T13:04:23 IST" duration-ms="1420" status="PASS">
          <params>
            <param index="0">
              <value>
                <![CDATA[http://localhost/login.do]]>
              </value>
            </param>
          </params>
          <reporter-output>
          </reporter-output>
        </test-method> <!-- navigate -->
        <test-method signature="login(java.lang.String,java.lang.String)[pri:3, instance:com.sgtesting.tests.LoginLogoutScenario@1151e434]" started-at="2023-12-13T13:04:23 IST" name="login" data-provider="loginData" finished-at="2023-12-13T13:04:29 IST" duration-ms="6589" status="PASS">
          <params>
            <param index="0">
              <value>
                <![CDATA[admin]]>
              </value>
            </param>
            <param index="1">
              <value>
                <![CDATA[manager]]>
              </value>
            </param>
          </params>
          <reporter-output>
          </reporter-output>
        </test-method> <!-- login -->
        <test-method signature="minimizeFlyOutWindow()[pri:4, instance:com.sgtesting.tests.LoginLogoutScenario@1151e434]" started-at="2023-12-13T13:04:29 IST" name="minimizeFlyOutWindow" finished-at="2023-12-13T13:04:31 IST" duration-ms="2114" status="PASS">
          <reporter-output>
          </reporter-output>
        </test-method> <!-- minimizeFlyOutWindow -->
        <test-method signature="logout()[pri:5, instance:com.sgtesting.tests.LoginLogoutScenario@1151e434]" started-at="2023-12-13T13:04:31 IST" name="logout" finished-at="2023-12-13T13:04:34 IST" duration-ms="2289" status="PASS">
          <reporter-output>
          </reporter-output>
        </test-method> <!-- logout -->
        <test-method signature="closeApplication()[pri:6, instance:com.sgtesting.tests.LoginLogoutScenario@1151e434]" started-at="2023-12-13T13:04:34 IST" name="closeApplication" finished-at="2023-12-13T13:04:34 IST" duration-ms="321" status="PASS">
          <reporter-output>
          </reporter-output>
        </test-method> <!-- closeApplication -->
      </class> <!-- com.sgtesting.tests.LoginLogoutScenario -->
      <class name="com.sgtesting.tests.Q8AdvancedScenarios">
        <test-method signature="launchBrowser()[pri:1, instance:com.sgtesting.tests.Q8AdvancedScenarios@6fdbe764]" started-at="2023-12-13T13:10:13 IST" name="launchBrowser" finished-at="2023-12-13T13:10:16 IST" duration-ms="2544" status="PASS">
          <reporter-output>
          </reporter-output>
        </test-method> <!-- launchBrowser -->
        <test-method signature="navigate(java.lang.String)[pri:2, instance:com.sgtesting.tests.Q8AdvancedScenarios@6fdbe764]" started-at="2023-12-13T13:10:16 IST" name="navigate" data-provider="navigateURL" finished-at="2023-12-13T13:10:20 IST" duration-ms="4002" status="PASS">
          <params>
            <param index="0">
              <value>
                <![CDATA[http://localhost/login.do]]>
              </value>
            </param>
          </params>
          <reporter-output>
          </reporter-output>
        </test-method> <!-- navigate -->
        <test-method signature="logIn(java.lang.String,java.lang.String)[pri:3, instance:com.sgtesting.tests.Q8AdvancedScenarios@6fdbe764]" started-at="2023-12-13T13:10:20 IST" name="logIn" data-provider="loginData" finished-at="2023-12-13T13:10:25 IST" duration-ms="5444" status="PASS">
          <params>
            <param index="0">
              <value>
                <![CDATA[admin]]>
              </value>
            </param>
            <param index="1">
              <value>
                <![CDATA[manager]]>
              </value>
            </param>
          </params>
          <reporter-output>
          </reporter-output>
        </test-method> <!-- logIn -->
        <test-method signature="minimizeFlyWindow()[pri:4, instance:com.sgtesting.tests.Q8AdvancedScenarios@6fdbe764]" started-at="2023-12-13T13:10:25 IST" name="minimizeFlyWindow" finished-at="2023-12-13T13:10:26 IST" duration-ms="1080" status="PASS">
          <reporter-output>
          </reporter-output>
        </test-method> <!-- minimizeFlyWindow -->
        <test-method signature="createUsers(java.lang.String,java.lang.String,java.lang.String,java.lang.String,java.lang.String,java.lang.String)[pri:5, instance:com.sgtesting.tests.Q8AdvancedScenarios@6fdbe764]" started-at="2023-12-13T13:10:26 IST" name="createUsers" data-provider="createUsersData" finished-at="2023-12-13T13:10:35 IST" duration-ms="8486" status="PASS">
          <params>
            <param index="0">
              <value>
                <![CDATA[Ranav]]>
              </value>
            </param>
            <param index="1">
              <value>
                <![CDATA[Demo]]>
              </value>
            </param>
            <param index="2">
              <value>
                <![CDATA[qwer@gmail.com]]>
              </value>
            </param>
            <param index="3">
              <value>
                <![CDATA[Ranavrakshi]]>
              </value>
            </param>
            <param index="4">
              <value>
                <![CDATA[qwer@123]]>
              </value>
            </param>
            <param index="5">
              <value>
                <![CDATA[qwer@123]]>
              </value>
            </param>
          </params>
          <reporter-output>
          </reporter-output>
        </test-method> <!-- createUsers -->
        <test-method signature="createUsers(java.lang.String,java.lang.String,java.lang.String,java.lang.String,java.lang.String,java.lang.String)[pri:5, instance:com.sgtesting.tests.Q8AdvancedScenarios@6fdbe764]" started-at="2023-12-13T13:10:35 IST" name="createUsers" data-provider="createUsersData" finished-at="2023-12-13T13:10:42 IST" duration-ms="7514" status="PASS">
          <params>
            <param index="0">
              <value>
                <![CDATA[Thilak]]>
              </value>
            </param>
            <param index="1">
              <value>
                <![CDATA[Demo]]>
              </value>
            </param>
            <param index="2">
              <value>
                <![CDATA[qwer@gmail.com]]>
              </value>
            </param>
            <param index="3">
              <value>
                <![CDATA[Thilakthili]]>
              </value>
            </param>
            <param index="4">
              <value>
                <![CDATA[asdf@123]]>
              </value>
            </param>
            <param index="5">
              <value>
                <![CDATA[asdf@123]]>
              </value>
            </param>
          </params>
          <reporter-output>
          </reporter-output>
        </test-method> <!-- createUsers -->
        <test-method signature="createUsers(java.lang.String,java.lang.String,java.lang.String,java.lang.String,java.lang.String,java.lang.String)[pri:5, instance:com.sgtesting.tests.Q8AdvancedScenarios@6fdbe764]" started-at="2023-12-13T13:10:42 IST" name="createUsers" data-provider="createUsersData" finished-at="2023-12-13T13:10:50 IST" duration-ms="7495" status="PASS">
          <params>
            <param index="0">
              <value>
                <![CDATA[Ravi]]>
              </value>
            </param>
            <param index="1">
              <value>
                <![CDATA[Demo]]>
              </value>
            </param>
            <param index="2">
              <value>
                <![CDATA[qwer@gmail.com]]>
              </value>
            </param>
            <param index="3">
              <value>
                <![CDATA[Raviraj]]>
              </value>
            </param>
            <param index="4">
              <value>
                <![CDATA[zxcv@123]]>
              </value>
            </param>
            <param index="5">
              <value>
                <![CDATA[zxcv@123]]>
              </value>
            </param>
          </params>
          <reporter-output>
          </reporter-output>
        </test-method> <!-- createUsers -->
        <test-method signature="logOut()[pri:6, instance:com.sgtesting.tests.Q8AdvancedScenarios@6fdbe764]" started-at="2023-12-13T13:10:50 IST" name="logOut" finished-at="2023-12-13T13:10:52 IST" duration-ms="2288" status="PASS">
          <reporter-output>
          </reporter-output>
        </test-method> <!-- logOut -->
        <test-method signature="logInAsUser1(java.lang.String,java.lang.String)[pri:7, instance:com.sgtesting.tests.Q8AdvancedScenarios@6fdbe764]" started-at="2023-12-13T13:10:52 IST" name="logInAsUser1" data-provider="loginUser1Data" finished-at="2023-12-13T13:11:06 IST" duration-ms="14147" status="PASS">
          <params>
            <param index="0">
              <value>
                <![CDATA[Ranavrakshi]]>
              </value>
            </param>
            <param index="1">
              <value>
                <![CDATA[qwer@123]]>
              </value>
            </param>
          </params>
          <reporter-output>
          </reporter-output>
        </test-method> <!-- logInAsUser1 -->
        <test-method signature="minimizeFlyWindow1()[pri:8, instance:com.sgtesting.tests.Q8AdvancedScenarios@6fdbe764]" started-at="2023-12-13T13:11:06 IST" name="minimizeFlyWindow1" finished-at="2023-12-13T13:11:08 IST" duration-ms="2437" status="PASS">
          <reporter-output>
          </reporter-output>
        </test-method> <!-- minimizeFlyWindow1 -->
        <test-method signature="logOutUser1()[pri:9, instance:com.sgtesting.tests.Q8AdvancedScenarios@6fdbe764]" started-at="2023-12-13T13:11:08 IST" name="logOutUser1" finished-at="2023-12-13T13:11:13 IST" duration-ms="4269" status="PASS">
          <reporter-output>
          </reporter-output>
        </test-method> <!-- logOutUser1 -->
        <test-method signature="logInAsUser2(java.lang.String,java.lang.String)[pri:10, instance:com.sgtesting.tests.Q8AdvancedScenarios@6fdbe764]" started-at="2023-12-13T13:11:13 IST" name="logInAsUser2" data-provider="loginUser2Data" finished-at="2023-12-13T13:11:19 IST" duration-ms="6645" status="PASS">
          <params>
            <param index="0">
              <value>
                <![CDATA[Thilakthili]]>
              </value>
            </param>
            <param index="1">
              <value>
                <![CDATA[asdf@123]]>
              </value>
            </param>
          </params>
          <reporter-output>
          </reporter-output>
        </test-method> <!-- logInAsUser2 -->
        <test-method signature="minimizeFlyWindow2()[pri:11, instance:com.sgtesting.tests.Q8AdvancedScenarios@6fdbe764]" started-at="2023-12-13T13:11:19 IST" name="minimizeFlyWindow2" finished-at="2023-12-13T13:11:22 IST" duration-ms="2132" status="PASS">
          <reporter-output>
          </reporter-output>
        </test-method> <!-- minimizeFlyWindow2 -->
        <test-method signature="logOutUser2()[pri:12, instance:com.sgtesting.tests.Q8AdvancedScenarios@6fdbe764]" started-at="2023-12-13T13:11:22 IST" name="logOutUser2" finished-at="2023-12-13T13:11:26 IST" duration-ms="4273" status="PASS">
          <reporter-output>
          </reporter-output>
        </test-method> <!-- logOutUser2 -->
        <test-method signature="logInAsUSer3(java.lang.String,java.lang.String)[pri:13, instance:com.sgtesting.tests.Q8AdvancedScenarios@6fdbe764]" started-at="2023-12-13T13:11:26 IST" name="logInAsUSer3" data-provider="loginUser3Data" finished-at="2023-12-13T13:11:31 IST" duration-ms="4725" status="PASS">
          <params>
            <param index="0">
              <value>
                <![CDATA[Raviraj]]>
              </value>
            </param>
            <param index="1">
              <value>
                <![CDATA[zxcv@123]]>
              </value>
            </param>
          </params>
          <reporter-output>
          </reporter-output>
        </test-method> <!-- logInAsUSer3 -->
        <test-method signature="minimizeFlyWindow3()[pri:14, instance:com.sgtesting.tests.Q8AdvancedScenarios@6fdbe764]" started-at="2023-12-13T13:11:31 IST" name="minimizeFlyWindow3" finished-at="2023-12-13T13:11:33 IST" duration-ms="2088" status="PASS">
          <reporter-output>
          </reporter-output>
        </test-method> <!-- minimizeFlyWindow3 -->
        <test-method signature="logOutUser3()[pri:15, instance:com.sgtesting.tests.Q8AdvancedScenarios@6fdbe764]" started-at="2023-12-13T13:11:33 IST" name="logOutUser3" finished-at="2023-12-13T13:11:36 IST" duration-ms="3235" status="PASS">
          <reporter-output>
          </reporter-output>
        </test-method> <!-- logOutUser3 -->
        <test-method signature="adminLogin(java.lang.String,java.lang.String)[pri:16, instance:com.sgtesting.tests.Q8AdvancedScenarios@6fdbe764]" started-at="2023-12-13T13:11:36 IST" name="adminLogin" data-provider="loginData" finished-at="2023-12-13T13:11:41 IST" duration-ms="4789" status="PASS">
          <params>
            <param index="0">
              <value>
                <![CDATA[admin]]>
              </value>
            </param>
            <param index="1">
              <value>
                <![CDATA[manager]]>
              </value>
            </param>
          </params>
          <reporter-output>
          </reporter-output>
        </test-method> <!-- adminLogin -->
        <test-method signature="minimizeFlyWindow4()[pri:17, instance:com.sgtesting.tests.Q8AdvancedScenarios@6fdbe764]" started-at="2023-12-13T13:11:41 IST" name="minimizeFlyWindow4" finished-at="2023-12-13T13:11:43 IST" duration-ms="2077" status="PASS">
          <reporter-output>
          </reporter-output>
        </test-method> <!-- minimizeFlyWindow4 -->
        <test-method signature="modifyUsersPassword(java.lang.String,java.lang.String,java.lang.String,java.lang.String,java.lang.String,java.lang.String)[pri:18, instance:com.sgtesting.tests.Q8AdvancedScenarios@6fdbe764]" started-at="2023-12-13T13:11:43 IST" name="modifyUsersPassword" data-provider="modifyUsersPassData" finished-at="2023-12-13T13:12:11 IST" duration-ms="27900" status="PASS">
          <params>
            <param index="0">
              <value>
                <![CDATA[asdf@123]]>
              </value>
            </param>
            <param index="1">
              <value>
                <![CDATA[asdf@123]]>
              </value>
            </param>
            <param index="2">
              <value>
                <![CDATA[zxcv@123]]>
              </value>
            </param>
            <param index="3">
              <value>
                <![CDATA[zxcv@123]]>
              </value>
            </param>
            <param index="4">
              <value>
                <![CDATA[qwer@123]]>
              </value>
            </param>
            <param index="5">
              <value>
                <![CDATA[qwer@123]]>
              </value>
            </param>
          </params>
          <reporter-output>
          </reporter-output>
        </test-method> <!-- modifyUsersPassword -->
        <test-method signature="logOutAdmin()[pri:19, instance:com.sgtesting.tests.Q8AdvancedScenarios@6fdbe764]" started-at="2023-12-13T13:12:11 IST" name="logOutAdmin" finished-at="2023-12-13T13:12:14 IST" duration-ms="3355" status="PASS">
          <reporter-output>
          </reporter-output>
        </test-method> <!-- logOutAdmin -->
        <test-method signature="logInAsUser11(java.lang.String,java.lang.String)[pri:20, instance:com.sgtesting.tests.Q8AdvancedScenarios@6fdbe764]" started-at="2023-12-13T13:12:14 IST" name="logInAsUser11" data-provider="loginUser11Data" finished-at="2023-12-13T13:12:19 IST" duration-ms="5105" status="PASS">
          <params>
            <param index="0">
              <value>
                <![CDATA[Ranavrakshi]]>
              </value>
            </param>
            <param index="1">
              <value>
                <![CDATA[asdf@123]]>
              </value>
            </param>
          </params>
          <reporter-output>
          </reporter-output>
        </test-method> <!-- logInAsUser11 -->
        <test-method signature="logOutUser11()[pri:21, instance:com.sgtesting.tests.Q8AdvancedScenarios@6fdbe764]" started-at="2023-12-13T13:12:19 IST" name="logOutUser11" finished-at="2023-12-13T13:12:23 IST" duration-ms="4265" status="PASS">
          <reporter-output>
          </reporter-output>
        </test-method> <!-- logOutUser11 -->
        <test-method signature="logInAsUser21(java.lang.String,java.lang.String)[pri:22, instance:com.sgtesting.tests.Q8AdvancedScenarios@6fdbe764]" started-at="2023-12-13T13:12:23 IST" name="logInAsUser21" data-provider="loginUser21Data" finished-at="2023-12-13T13:12:28 IST" duration-ms="4648" status="PASS">
          <params>
            <param index="0">
              <value>
                <![CDATA[Thilakthili]]>
              </value>
            </param>
            <param index="1">
              <value>
                <![CDATA[zxcv@123]]>
              </value>
            </param>
          </params>
          <reporter-output>
          </reporter-output>
        </test-method> <!-- logInAsUser21 -->
        <test-method signature="logOutUser21()[pri:23, instance:com.sgtesting.tests.Q8AdvancedScenarios@6fdbe764]" started-at="2023-12-13T13:12:28 IST" name="logOutUser21" finished-at="2023-12-13T13:12:32 IST" duration-ms="4250" status="PASS">
          <reporter-output>
          </reporter-output>
        </test-method> <!-- logOutUser21 -->
        <test-method signature="logInAsUSer31(java.lang.String,java.lang.String)[pri:24, instance:com.sgtesting.tests.Q8AdvancedScenarios@6fdbe764]" started-at="2023-12-13T13:12:32 IST" name="logInAsUSer31" data-provider="loginUser31Data" finished-at="2023-12-13T13:12:37 IST" duration-ms="4661" status="PASS">
          <params>
            <param index="0">
              <value>
                <![CDATA[Raviraj]]>
              </value>
            </param>
            <param index="1">
              <value>
                <![CDATA[qwer@123]]>
              </value>
            </param>
          </params>
          <reporter-output>
          </reporter-output>
        </test-method> <!-- logInAsUSer31 -->
        <test-method signature="logOutUser31()[pri:25, instance:com.sgtesting.tests.Q8AdvancedScenarios@6fdbe764]" started-at="2023-12-13T13:12:37 IST" name="logOutUser31" finished-at="2023-12-13T13:12:40 IST" duration-ms="3251" status="PASS">
          <reporter-output>
          </reporter-output>
        </test-method> <!-- logOutUser31 -->
        <test-method signature="logInAsAdmin1(java.lang.String,java.lang.String)[pri:26, instance:com.sgtesting.tests.Q8AdvancedScenarios@6fdbe764]" started-at="2023-12-13T13:12:40 IST" name="logInAsAdmin1" data-provider="loginData" finished-at="2023-12-13T13:12:45 IST" duration-ms="4733" status="PASS">
          <params>
            <param index="0">
              <value>
                <![CDATA[admin]]>
              </value>
            </param>
            <param index="1">
              <value>
                <![CDATA[manager]]>
              </value>
            </param>
          </params>
          <reporter-output>
          </reporter-output>
        </test-method> <!-- logInAsAdmin1 -->
        <test-method signature="minimizeFlyWindow41()[pri:27, instance:com.sgtesting.tests.Q8AdvancedScenarios@6fdbe764]" started-at="2023-12-13T13:12:45 IST" name="minimizeFlyWindow41" finished-at="2023-12-13T13:12:47 IST" duration-ms="2069" status="PASS">
          <reporter-output>
          </reporter-output>
        </test-method> <!-- minimizeFlyWindow41 -->
        <test-method signature="deleteUsers()[pri:28, instance:com.sgtesting.tests.Q8AdvancedScenarios@6fdbe764]" started-at="2023-12-13T13:12:47 IST" name="deleteUsers" finished-at="2023-12-13T13:12:57 IST" duration-ms="10014" status="PASS">
          <reporter-output>
          </reporter-output>
        </test-method> <!-- deleteUsers -->
        <test-method signature="logOutAdmin1()[pri:29, instance:com.sgtesting.tests.Q8AdvancedScenarios@6fdbe764]" started-at="2023-12-13T13:12:57 IST" name="logOutAdmin1" finished-at="2023-12-13T13:13:00 IST" duration-ms="3291" status="PASS">
          <reporter-output>
          </reporter-output>
        </test-method> <!-- logOutAdmin1 -->
        <test-method signature="closeApplication()[pri:30, instance:com.sgtesting.tests.Q8AdvancedScenarios@6fdbe764]" started-at="2023-12-13T13:13:00 IST" name="closeApplication" finished-at="2023-12-13T13:13:01 IST" duration-ms="427" status="PASS">
          <reporter-output>
          </reporter-output>
        </test-method> <!-- closeApplication -->
      </class> <!-- com.sgtesting.tests.Q8AdvancedScenarios -->
      <class name="com.sgtesting.tests.Q5CreateCustomeProjectAndDelete">
        <test-method signature="launchBrowser()[pri:1, instance:com.sgtesting.tests.Q5CreateCustomeProjectAndDelete@70e9c95d]" started-at="2023-12-13T13:07:16 IST" name="launchBrowser" finished-at="2023-12-13T13:07:19 IST" duration-ms="2899" status="PASS">
          <reporter-output>
          </reporter-output>
        </test-method> <!-- launchBrowser -->
        <test-method signature="navigate(java.lang.String)[pri:2, instance:com.sgtesting.tests.Q5CreateCustomeProjectAndDelete@70e9c95d]" started-at="2023-12-13T13:07:19 IST" name="navigate" data-provider="navigateURL" finished-at="2023-12-13T13:07:23 IST" duration-ms="4054" status="PASS">
          <params>
            <param index="0">
              <value>
                <![CDATA[http://localhost/login.do]]>
              </value>
            </param>
          </params>
          <reporter-output>
          </reporter-output>
        </test-method> <!-- navigate -->
        <test-method signature="login(java.lang.String,java.lang.String)[pri:3, instance:com.sgtesting.tests.Q5CreateCustomeProjectAndDelete@70e9c95d]" started-at="2023-12-13T13:07:23 IST" name="login" data-provider="adminLoginData" finished-at="2023-12-13T13:07:30 IST" duration-ms="6765" status="PASS">
          <params>
            <param index="0">
              <value>
                <![CDATA[admin]]>
              </value>
            </param>
            <param index="1">
              <value>
                <![CDATA[manager]]>
              </value>
            </param>
          </params>
          <reporter-output>
          </reporter-output>
        </test-method> <!-- login -->
        <test-method signature="minimizeFlyWindow()[pri:4, instance:com.sgtesting.tests.Q5CreateCustomeProjectAndDelete@70e9c95d]" started-at="2023-12-13T13:07:30 IST" name="minimizeFlyWindow" finished-at="2023-12-13T13:07:31 IST" duration-ms="1088" status="PASS">
          <reporter-output>
          </reporter-output>
        </test-method> <!-- minimizeFlyWindow -->
        <test-method signature="createCustomer(java.lang.String,java.lang.String)[pri:5, instance:com.sgtesting.tests.Q5CreateCustomeProjectAndDelete@70e9c95d]" started-at="2023-12-13T13:07:31 IST" name="createCustomer" data-provider="createCustomerData" finished-at="2023-12-13T13:07:40 IST" duration-ms="9744" status="PASS">
          <params>
            <param index="0">
              <value>
                <![CDATA[Ranav]]>
              </value>
            </param>
            <param index="1">
              <value>
                <![CDATA[Good Programmer]]>
              </value>
            </param>
          </params>
          <reporter-output>
          </reporter-output>
        </test-method> <!-- createCustomer -->
        <test-method signature="createProject(java.lang.String)[pri:6, instance:com.sgtesting.tests.Q5CreateCustomeProjectAndDelete@70e9c95d]" started-at="2023-12-13T13:07:40 IST" name="createProject" data-provider="createProjectData" finished-at="2023-12-13T13:07:47 IST" duration-ms="6637" status="PASS">
          <params>
            <param index="0">
              <value>
                <![CDATA[LoginPageBuild]]>
              </value>
            </param>
          </params>
          <reporter-output>
          </reporter-output>
        </test-method> <!-- createProject -->
        <test-method signature="deleteProject()[pri:7, instance:com.sgtesting.tests.Q5CreateCustomeProjectAndDelete@70e9c95d]" started-at="2023-12-13T13:07:47 IST" name="deleteProject" finished-at="2023-12-13T13:07:54 IST" duration-ms="6458" status="PASS">
          <reporter-output>
          </reporter-output>
        </test-method> <!-- deleteProject -->
        <test-method signature="deleteCustomer()[pri:8, instance:com.sgtesting.tests.Q5CreateCustomeProjectAndDelete@70e9c95d]" started-at="2023-12-13T13:07:54 IST" name="deleteCustomer" finished-at="2023-12-13T13:08:00 IST" duration-ms="6362" status="PASS">
          <reporter-output>
          </reporter-output>
        </test-method> <!-- deleteCustomer -->
        <test-method signature="logOutAdmin()[pri:9, instance:com.sgtesting.tests.Q5CreateCustomeProjectAndDelete@70e9c95d]" started-at="2023-12-13T13:08:00 IST" name="logOutAdmin" finished-at="2023-12-13T13:08:01 IST" duration-ms="1525" status="PASS">
          <reporter-output>
          </reporter-output>
        </test-method> <!-- logOutAdmin -->
        <test-method signature="closeBrowser()[pri:10, instance:com.sgtesting.tests.Q5CreateCustomeProjectAndDelete@70e9c95d]" started-at="2023-12-13T13:08:01 IST" name="closeBrowser" finished-at="2023-12-13T13:08:07 IST" duration-ms="5549" status="PASS">
          <reporter-output>
          </reporter-output>
        </test-method> <!-- closeBrowser -->
      </class> <!-- com.sgtesting.tests.Q5CreateCustomeProjectAndDelete -->
      <class name="com.sgtesting.tests.Q7CreateCustomerProjectTaskAndDeleteAll">
        <test-method signature="launchBrowser()[pri:1, instance:com.sgtesting.tests.Q7CreateCustomerProjectTaskAndDeleteAll@a38c7fe]" started-at="2023-12-13T13:09:06 IST" name="launchBrowser" finished-at="2023-12-13T13:09:09 IST" duration-ms="3069" status="PASS">
          <reporter-output>
          </reporter-output>
        </test-method> <!-- launchBrowser -->
        <test-method signature="navigate(java.lang.String)[pri:2, instance:com.sgtesting.tests.Q7CreateCustomerProjectTaskAndDeleteAll@a38c7fe]" started-at="2023-12-13T13:09:09 IST" name="navigate" data-provider="navigateURL" finished-at="2023-12-13T13:09:12 IST" duration-ms="3347" status="PASS">
          <params>
            <param index="0">
              <value>
                <![CDATA[http://localhost/login.do]]>
              </value>
            </param>
          </params>
          <reporter-output>
          </reporter-output>
        </test-method> <!-- navigate -->
        <test-method signature="login(java.lang.String,java.lang.String)[pri:3, instance:com.sgtesting.tests.Q7CreateCustomerProjectTaskAndDeleteAll@a38c7fe]" started-at="2023-12-13T13:09:12 IST" name="login" data-provider="adminLoginData" finished-at="2023-12-13T13:09:19 IST" duration-ms="7081" status="PASS">
          <params>
            <param index="0">
              <value>
                <![CDATA[admin]]>
              </value>
            </param>
            <param index="1">
              <value>
                <![CDATA[manager]]>
              </value>
            </param>
          </params>
          <reporter-output>
          </reporter-output>
        </test-method> <!-- login -->
        <test-method signature="minimizeFlyWindow()[pri:4, instance:com.sgtesting.tests.Q7CreateCustomerProjectTaskAndDeleteAll@a38c7fe]" started-at="2023-12-13T13:09:19 IST" name="minimizeFlyWindow" finished-at="2023-12-13T13:09:20 IST" duration-ms="1127" status="PASS">
          <reporter-output>
          </reporter-output>
        </test-method> <!-- minimizeFlyWindow -->
        <test-method signature="createCustomer(java.lang.String,java.lang.String)[pri:5, instance:com.sgtesting.tests.Q7CreateCustomerProjectTaskAndDeleteAll@a38c7fe]" started-at="2023-12-13T13:09:20 IST" name="createCustomer" data-provider="createCustomerData" finished-at="2023-12-13T13:09:30 IST" duration-ms="9463" status="PASS">
          <params>
            <param index="0">
              <value>
                <![CDATA[Ranav]]>
              </value>
            </param>
            <param index="1">
              <value>
                <![CDATA[Good Programmer]]>
              </value>
            </param>
          </params>
          <reporter-output>
          </reporter-output>
        </test-method> <!-- createCustomer -->
        <test-method signature="createProject(java.lang.String)[pri:6, instance:com.sgtesting.tests.Q7CreateCustomerProjectTaskAndDeleteAll@a38c7fe]" started-at="2023-12-13T13:09:30 IST" name="createProject" data-provider="createProjectData" finished-at="2023-12-13T13:09:36 IST" duration-ms="6610" status="PASS">
          <params>
            <param index="0">
              <value>
                <![CDATA[LoginPageBuild]]>
              </value>
            </param>
          </params>
          <reporter-output>
          </reporter-output>
        </test-method> <!-- createProject -->
        <test-method signature="createTask(java.lang.String)[pri:7, instance:com.sgtesting.tests.Q7CreateCustomerProjectTaskAndDeleteAll@a38c7fe]" started-at="2023-12-13T13:09:36 IST" name="createTask" data-provider="createTaskData" finished-at="2023-12-13T13:09:44 IST" duration-ms="7938" status="PASS">
          <params>
            <param index="0">
              <value>
                <![CDATA[Functional Testing]]>
              </value>
            </param>
          </params>
          <reporter-output>
          </reporter-output>
        </test-method> <!-- createTask -->
        <test-method signature="deleteTask()[pri:8, instance:com.sgtesting.tests.Q7CreateCustomerProjectTaskAndDeleteAll@a38c7fe]" started-at="2023-12-13T13:09:44 IST" name="deleteTask" finished-at="2023-12-13T13:09:51 IST" duration-ms="6310" status="PASS">
          <reporter-output>
          </reporter-output>
        </test-method> <!-- deleteTask -->
        <test-method signature="deleteProject()[pri:9, instance:com.sgtesting.tests.Q7CreateCustomerProjectTaskAndDeleteAll@a38c7fe]" started-at="2023-12-13T13:09:51 IST" name="deleteProject" finished-at="2023-12-13T13:09:58 IST" duration-ms="7563" status="PASS">
          <reporter-output>
          </reporter-output>
        </test-method> <!-- deleteProject -->
        <test-method signature="deleteCustomer()[pri:10, instance:com.sgtesting.tests.Q7CreateCustomerProjectTaskAndDeleteAll@a38c7fe]" started-at="2023-12-13T13:09:58 IST" name="deleteCustomer" finished-at="2023-12-13T13:10:06 IST" duration-ms="7345" status="PASS">
          <reporter-output>
          </reporter-output>
        </test-method> <!-- deleteCustomer -->
        <test-method signature="logOutAdmin()[pri:11, instance:com.sgtesting.tests.Q7CreateCustomerProjectTaskAndDeleteAll@a38c7fe]" started-at="2023-12-13T13:10:06 IST" name="logOutAdmin" finished-at="2023-12-13T13:10:07 IST" duration-ms="1296" status="PASS">
          <reporter-output>
          </reporter-output>
        </test-method> <!-- logOutAdmin -->
        <test-method signature="closeBrowser()[pri:12, instance:com.sgtesting.tests.Q7CreateCustomerProjectTaskAndDeleteAll@a38c7fe]" started-at="2023-12-13T13:10:07 IST" name="closeBrowser" finished-at="2023-12-13T13:10:13 IST" duration-ms="6062" status="PASS">
          <reporter-output>
          </reporter-output>
        </test-method> <!-- closeBrowser -->
      </class> <!-- com.sgtesting.tests.Q7CreateCustomerProjectTaskAndDeleteAll -->
      <class name="com.sgtesting.tests.Q1CreateDeleteUserScenario">
        <test-method signature="launchBrowser()[pri:1, instance:com.sgtesting.tests.Q1CreateDeleteUserScenario@5e600dd5]" started-at="2023-12-13T13:04:34 IST" name="launchBrowser" finished-at="2023-12-13T13:04:37 IST" duration-ms="2624" status="PASS">
          <reporter-output>
          </reporter-output>
        </test-method> <!-- launchBrowser -->
        <test-method signature="navigate(java.lang.String)[pri:2, instance:com.sgtesting.tests.Q1CreateDeleteUserScenario@5e600dd5]" started-at="2023-12-13T13:04:37 IST" name="navigate" data-provider="navigateURL" finished-at="2023-12-13T13:04:40 IST" duration-ms="3594" status="PASS">
          <params>
            <param index="0">
              <value>
                <![CDATA[http://localhost/login.do]]>
              </value>
            </param>
          </params>
          <reporter-output>
          </reporter-output>
        </test-method> <!-- navigate -->
        <test-method signature="login(java.lang.String,java.lang.String)[pri:3, instance:com.sgtesting.tests.Q1CreateDeleteUserScenario@5e600dd5]" started-at="2023-12-13T13:04:40 IST" name="login" data-provider="adminLoginData" finished-at="2023-12-13T13:04:47 IST" duration-ms="6582" status="PASS">
          <params>
            <param index="0">
              <value>
                <![CDATA[admin]]>
              </value>
            </param>
            <param index="1">
              <value>
                <![CDATA[manager]]>
              </value>
            </param>
          </params>
          <reporter-output>
          </reporter-output>
        </test-method> <!-- login -->
        <test-method signature="minimizeFlyWindow()[pri:4, instance:com.sgtesting.tests.Q1CreateDeleteUserScenario@5e600dd5]" started-at="2023-12-13T13:04:47 IST" name="minimizeFlyWindow" finished-at="2023-12-13T13:04:48 IST" duration-ms="1105" status="PASS">
          <reporter-output>
          </reporter-output>
        </test-method> <!-- minimizeFlyWindow -->
        <test-method signature="createUser(java.lang.String,java.lang.String,java.lang.String,java.lang.String,java.lang.String,java.lang.String)[pri:5, instance:com.sgtesting.tests.Q1CreateDeleteUserScenario@5e600dd5]" started-at="2023-12-13T13:04:48 IST" name="createUser" data-provider="createUserData" finished-at="2023-12-13T13:05:01 IST" duration-ms="12987" status="PASS">
          <params>
            <param index="0">
              <value>
                <![CDATA[User1]]>
              </value>
            </param>
            <param index="1">
              <value>
                <![CDATA[Demo]]>
              </value>
            </param>
            <param index="2">
              <value>
                <![CDATA[qwert@gmail.com]]>
              </value>
            </param>
            <param index="3">
              <value>
                <![CDATA[DemoUser]]>
              </value>
            </param>
            <param index="4">
              <value>
                <![CDATA[qwer@123]]>
              </value>
            </param>
            <param index="5">
              <value>
                <![CDATA[qwer@123]]>
              </value>
            </param>
          </params>
          <reporter-output>
          </reporter-output>
        </test-method> <!-- createUser -->
        <test-method signature="deleteUser()[pri:6, instance:com.sgtesting.tests.Q1CreateDeleteUserScenario@5e600dd5]" started-at="2023-12-13T13:05:01 IST" name="deleteUser" finished-at="2023-12-13T13:05:07 IST" duration-ms="6408" status="PASS">
          <reporter-output>
          </reporter-output>
        </test-method> <!-- deleteUser -->
        <test-method signature="logOut()[pri:7, instance:com.sgtesting.tests.Q1CreateDeleteUserScenario@5e600dd5]" started-at="2023-12-13T13:05:07 IST" name="logOut" finished-at="2023-12-13T13:05:10 IST" duration-ms="2423" status="PASS">
          <reporter-output>
          </reporter-output>
        </test-method> <!-- logOut -->
        <test-method signature="closeBrowser()[pri:8, instance:com.sgtesting.tests.Q1CreateDeleteUserScenario@5e600dd5]" started-at="2023-12-13T13:05:10 IST" name="closeBrowser" finished-at="2023-12-13T13:05:16 IST" duration-ms="6421" status="PASS">
          <reporter-output>
          </reporter-output>
        </test-method> <!-- closeBrowser -->
      </class> <!-- com.sgtesting.tests.Q1CreateDeleteUserScenario -->
      <class name="com.sgtesting.tests.Q9AdvancedScenarioScenarios2">
        <test-method signature="launchBrowser()[pri:1, instance:com.sgtesting.tests.Q9AdvancedScenarioScenarios2@51c668e3]" started-at="2023-12-13T13:13:01 IST" name="launchBrowser" finished-at="2023-12-13T13:13:03 IST" duration-ms="2454" status="PASS">
          <reporter-output>
          </reporter-output>
        </test-method> <!-- launchBrowser -->
        <test-method signature="navigate(java.lang.String)[pri:2, instance:com.sgtesting.tests.Q9AdvancedScenarioScenarios2@51c668e3]" started-at="2023-12-13T13:13:03 IST" name="navigate" data-provider="navigateURL" finished-at="2023-12-13T13:13:07 IST" duration-ms="3718" status="PASS">
          <params>
            <param index="0">
              <value>
                <![CDATA[http://localhost/login.do]]>
              </value>
            </param>
          </params>
          <reporter-output>
          </reporter-output>
        </test-method> <!-- navigate -->
        <test-method signature="logIn(java.lang.String,java.lang.String)[pri:3, instance:com.sgtesting.tests.Q9AdvancedScenarioScenarios2@51c668e3]" started-at="2023-12-13T13:13:07 IST" name="logIn" data-provider="loginData" finished-at="2023-12-13T13:13:11 IST" duration-ms="4533" status="PASS">
          <params>
            <param index="0">
              <value>
                <![CDATA[admin]]>
              </value>
            </param>
            <param index="1">
              <value>
                <![CDATA[manager]]>
              </value>
            </param>
          </params>
          <reporter-output>
          </reporter-output>
        </test-method> <!-- logIn -->
        <test-method signature="minimizeFlyWindow()[pri:4, instance:com.sgtesting.tests.Q9AdvancedScenarioScenarios2@51c668e3]" started-at="2023-12-13T13:13:11 IST" name="minimizeFlyWindow" finished-at="2023-12-13T13:13:13 IST" duration-ms="1074" status="PASS">
          <reporter-output>
          </reporter-output>
        </test-method> <!-- minimizeFlyWindow -->
        <test-method signature="createUser1(java.lang.String,java.lang.String,java.lang.String,java.lang.String,java.lang.String,java.lang.String)[pri:5, instance:com.sgtesting.tests.Q9AdvancedScenarioScenarios2@51c668e3]" started-at="2023-12-13T13:13:13 IST" name="createUser1" data-provider="createUser1Data" finished-at="2023-12-13T13:13:21 IST" duration-ms="8592" status="PASS">
          <params>
            <param index="0">
              <value>
                <![CDATA[Ranav]]>
              </value>
            </param>
            <param index="1">
              <value>
                <![CDATA[Demo]]>
              </value>
            </param>
            <param index="2">
              <value>
                <![CDATA[qwer@gmail.com]]>
              </value>
            </param>
            <param index="3">
              <value>
                <![CDATA[Ranavrakshi]]>
              </value>
            </param>
            <param index="4">
              <value>
                <![CDATA[qwer@123]]>
              </value>
            </param>
            <param index="5">
              <value>
                <![CDATA[qwer@123]]>
              </value>
            </param>
          </params>
          <reporter-output>
          </reporter-output>
        </test-method> <!-- createUser1 -->
        <test-method signature="logOutAdmin()[pri:6, instance:com.sgtesting.tests.Q9AdvancedScenarioScenarios2@51c668e3]" started-at="2023-12-13T13:13:21 IST" name="logOutAdmin" finished-at="2023-12-13T13:13:23 IST" duration-ms="2299" status="PASS">
          <reporter-output>
          </reporter-output>
        </test-method> <!-- logOutAdmin -->
        <test-method signature="logInAsUser1(java.lang.String,java.lang.String)[pri:7, instance:com.sgtesting.tests.Q9AdvancedScenarioScenarios2@51c668e3]" started-at="2023-12-13T13:13:23 IST" name="logInAsUser1" data-provider="loginUser1Data" finished-at="2023-12-13T13:13:30 IST" duration-ms="6970" status="PASS">
          <params>
            <param index="0">
              <value>
                <![CDATA[Ranavrakshi]]>
              </value>
            </param>
            <param index="1">
              <value>
                <![CDATA[qwer@123]]>
              </value>
            </param>
          </params>
          <reporter-output>
          </reporter-output>
        </test-method> <!-- logInAsUser1 -->
        <test-method signature="minimizeFlyWindow1()[pri:8, instance:com.sgtesting.tests.Q9AdvancedScenarioScenarios2@51c668e3]" started-at="2023-12-13T13:13:30 IST" name="minimizeFlyWindow1" finished-at="2023-12-13T13:13:32 IST" duration-ms="1280" status="PASS">
          <reporter-output>
          </reporter-output>
        </test-method> <!-- minimizeFlyWindow1 -->
        <test-method signature="createUser2(java.lang.String,java.lang.String,java.lang.String,java.lang.String,java.lang.String,java.lang.String)[pri:9, instance:com.sgtesting.tests.Q9AdvancedScenarioScenarios2@51c668e3]" started-at="2023-12-13T13:13:32 IST" name="createUser2" data-provider="createUser2Data" finished-at="2023-12-13T13:13:40 IST" duration-ms="7899" status="PASS">
          <params>
            <param index="0">
              <value>
                <![CDATA[Thilak]]>
              </value>
            </param>
            <param index="1">
              <value>
                <![CDATA[Demo]]>
              </value>
            </param>
            <param index="2">
              <value>
                <![CDATA[qwer@gmail.com]]>
              </value>
            </param>
            <param index="3">
              <value>
                <![CDATA[Thilakthili]]>
              </value>
            </param>
            <param index="4">
              <value>
                <![CDATA[asdf@123]]>
              </value>
            </param>
            <param index="5">
              <value>
                <![CDATA[asdf@123]]>
              </value>
            </param>
          </params>
          <reporter-output>
          </reporter-output>
        </test-method> <!-- createUser2 -->
        <test-method signature="logOutUser1()[pri:10, instance:com.sgtesting.tests.Q9AdvancedScenarioScenarios2@51c668e3]" started-at="2023-12-13T13:13:40 IST" name="logOutUser1" finished-at="2023-12-13T13:13:42 IST" duration-ms="2303" status="PASS">
          <reporter-output>
          </reporter-output>
        </test-method> <!-- logOutUser1 -->
        <test-method signature="logInAsUser2(java.lang.String,java.lang.String)[pri:11, instance:com.sgtesting.tests.Q9AdvancedScenarioScenarios2@51c668e3]" started-at="2023-12-13T13:13:42 IST" name="logInAsUser2" data-provider="loginUser2Data" finished-at="2023-12-13T13:13:49 IST" duration-ms="6899" status="PASS">
          <params>
            <param index="0">
              <value>
                <![CDATA[Thilakthili]]>
              </value>
            </param>
            <param index="1">
              <value>
                <![CDATA[asdf@123]]>
              </value>
            </param>
          </params>
          <reporter-output>
          </reporter-output>
        </test-method> <!-- logInAsUser2 -->
        <test-method signature="minimizeFlyWindow2()[pri:12, instance:com.sgtesting.tests.Q9AdvancedScenarioScenarios2@51c668e3]" started-at="2023-12-13T13:13:49 IST" name="minimizeFlyWindow2" finished-at="2023-12-13T13:13:50 IST" duration-ms="1099" status="PASS">
          <reporter-output>
          </reporter-output>
        </test-method> <!-- minimizeFlyWindow2 -->
        <test-method signature="createUser3(java.lang.String,java.lang.String,java.lang.String,java.lang.String,java.lang.String,java.lang.String)[pri:13, instance:com.sgtesting.tests.Q9AdvancedScenarioScenarios2@51c668e3]" started-at="2023-12-13T13:13:50 IST" name="createUser3" data-provider="createUser3Data" finished-at="2023-12-13T13:13:57 IST" duration-ms="7370" status="PASS">
          <params>
            <param index="0">
              <value>
                <![CDATA[Ravi]]>
              </value>
            </param>
            <param index="1">
              <value>
                <![CDATA[Demo]]>
              </value>
            </param>
            <param index="2">
              <value>
                <![CDATA[qwer@gmail.com]]>
              </value>
            </param>
            <param index="3">
              <value>
                <![CDATA[Raviraj]]>
              </value>
            </param>
            <param index="4">
              <value>
                <![CDATA[zxcv@123]]>
              </value>
            </param>
            <param index="5">
              <value>
                <![CDATA[zxcv@123]]>
              </value>
            </param>
          </params>
          <reporter-output>
          </reporter-output>
        </test-method> <!-- createUser3 -->
        <test-method signature="logOutUser2()[pri:14, instance:com.sgtesting.tests.Q9AdvancedScenarioScenarios2@51c668e3]" started-at="2023-12-13T13:13:57 IST" name="logOutUser2" finished-at="2023-12-13T13:14:00 IST" duration-ms="2248" status="PASS">
          <reporter-output>
          </reporter-output>
        </test-method> <!-- logOutUser2 -->
        <test-method signature="logInAsUser3(java.lang.String,java.lang.String)[pri:15, instance:com.sgtesting.tests.Q9AdvancedScenarioScenarios2@51c668e3]" started-at="2023-12-13T13:14:00 IST" name="logInAsUser3" data-provider="loginUser3Data" finished-at="2023-12-13T13:14:04 IST" duration-ms="4570" status="PASS">
          <params>
            <param index="0">
              <value>
                <![CDATA[Raviraj]]>
              </value>
            </param>
            <param index="1">
              <value>
                <![CDATA[zxcv@123]]>
              </value>
            </param>
          </params>
          <reporter-output>
          </reporter-output>
        </test-method> <!-- logInAsUser3 -->
        <test-method signature="minimizeFlyWindow3()[pri:16, instance:com.sgtesting.tests.Q9AdvancedScenarioScenarios2@51c668e3]" started-at="2023-12-13T13:14:04 IST" name="minimizeFlyWindow3" finished-at="2023-12-13T13:14:06 IST" duration-ms="2087" status="PASS">
          <reporter-output>
          </reporter-output>
        </test-method> <!-- minimizeFlyWindow3 -->
        <test-method signature="logOutUser3()[pri:17, instance:com.sgtesting.tests.Q9AdvancedScenarioScenarios2@51c668e3]" started-at="2023-12-13T13:14:06 IST" name="logOutUser3" finished-at="2023-12-13T13:14:08 IST" duration-ms="2256" status="PASS">
          <reporter-output>
          </reporter-output>
        </test-method> <!-- logOutUser3 -->
        <test-method signature="logInAsUser21(java.lang.String,java.lang.String)[pri:18, instance:com.sgtesting.tests.Q9AdvancedScenarioScenarios2@51c668e3]" started-at="2023-12-13T13:14:08 IST" name="logInAsUser21" data-provider="loginUser21Data" finished-at="2023-12-13T13:14:13 IST" duration-ms="4730" status="PASS">
          <params>
            <param index="0">
              <value>
                <![CDATA[Thilakthili]]>
              </value>
            </param>
            <param index="1">
              <value>
                <![CDATA[asdf@123]]>
              </value>
            </param>
          </params>
          <reporter-output>
          </reporter-output>
        </test-method> <!-- logInAsUser21 -->
        <test-method signature="modifyUser3(java.lang.String,java.lang.String)[pri:19, instance:com.sgtesting.tests.Q9AdvancedScenarioScenarios2@51c668e3]" started-at="2023-12-13T13:14:13 IST" name="modifyUser3" data-provider="modifyUser3Data" finished-at="2023-12-13T13:14:23 IST" duration-ms="10215" status="PASS">
          <params>
            <param index="0">
              <value>
                <![CDATA[asdf@123]]>
              </value>
            </param>
            <param index="1">
              <value>
                <![CDATA[asdf@123]]>
              </value>
            </param>
          </params>
          <reporter-output>
          </reporter-output>
        </test-method> <!-- modifyUser3 -->
        <test-method signature="logOutUser21()[pri:20, instance:com.sgtesting.tests.Q9AdvancedScenarioScenarios2@51c668e3]" started-at="2023-12-13T13:14:23 IST" name="logOutUser21" finished-at="2023-12-13T13:14:26 IST" duration-ms="2356" status="PASS">
          <reporter-output>
          </reporter-output>
        </test-method> <!-- logOutUser21 -->
        <test-method signature="logInAsUser31(java.lang.String,java.lang.String)[pri:21, instance:com.sgtesting.tests.Q9AdvancedScenarioScenarios2@51c668e3]" started-at="2023-12-13T13:14:26 IST" name="logInAsUser31" data-provider="loginUser31Data" finished-at="2023-12-13T13:14:30 IST" duration-ms="4697" status="PASS">
          <params>
            <param index="0">
              <value>
                <![CDATA[Raviraj]]>
              </value>
            </param>
            <param index="1">
              <value>
                <![CDATA[asdf@123]]>
              </value>
            </param>
          </params>
          <reporter-output>
          </reporter-output>
        </test-method> <!-- logInAsUser31 -->
        <test-method signature="logOutUser31()[pri:22, instance:com.sgtesting.tests.Q9AdvancedScenarioScenarios2@51c668e3]" started-at="2023-12-13T13:14:30 IST" name="logOutUser31" finished-at="2023-12-13T13:14:33 IST" duration-ms="2249" status="PASS">
          <reporter-output>
          </reporter-output>
        </test-method> <!-- logOutUser31 -->
        <test-method signature="logInAsUser11(java.lang.String,java.lang.String)[pri:23, instance:com.sgtesting.tests.Q9AdvancedScenarioScenarios2@51c668e3]" started-at="2023-12-13T13:14:33 IST" name="logInAsUser11" data-provider="loginUser11Data" finished-at="2023-12-13T13:14:38 IST" duration-ms="4798" status="PASS">
          <params>
            <param index="0">
              <value>
                <![CDATA[Ranavrakshi]]>
              </value>
            </param>
            <param index="1">
              <value>
                <![CDATA[qwer@123]]>
              </value>
            </param>
          </params>
          <reporter-output>
          </reporter-output>
        </test-method> <!-- logInAsUser11 -->
        <test-method signature="modifyUser2(java.lang.String,java.lang.String)[pri:24, instance:com.sgtesting.tests.Q9AdvancedScenarioScenarios2@51c668e3]" started-at="2023-12-13T13:14:38 IST" name="modifyUser2" data-provider="modifyUser2Data" finished-at="2023-12-13T13:14:48 IST" duration-ms="10001" status="PASS">
          <params>
            <param index="0">
              <value>
                <![CDATA[qwer@123]]>
              </value>
            </param>
            <param index="1">
              <value>
                <![CDATA[qwer@123]]>
              </value>
            </param>
          </params>
          <reporter-output>
          </reporter-output>
        </test-method> <!-- modifyUser2 -->
        <test-method signature="logOutUser11()[pri:25, instance:com.sgtesting.tests.Q9AdvancedScenarioScenarios2@51c668e3]" started-at="2023-12-13T13:14:48 IST" name="logOutUser11" finished-at="2023-12-13T13:14:50 IST" duration-ms="2260" status="PASS">
          <reporter-output>
          </reporter-output>
        </test-method> <!-- logOutUser11 -->
        <test-method signature="logInAsUser22(java.lang.String,java.lang.String)[pri:26, instance:com.sgtesting.tests.Q9AdvancedScenarioScenarios2@51c668e3]" started-at="2023-12-13T13:14:50 IST" name="logInAsUser22" data-provider="loginUser22Data" finished-at="2023-12-13T13:14:55 IST" duration-ms="4764" status="PASS">
          <params>
            <param index="0">
              <value>
                <![CDATA[Thilakthili]]>
              </value>
            </param>
            <param index="1">
              <value>
                <![CDATA[qwer@123]]>
              </value>
            </param>
          </params>
          <reporter-output>
          </reporter-output>
        </test-method> <!-- logInAsUser22 -->
        <test-method signature="logOutUser22()[pri:27, instance:com.sgtesting.tests.Q9AdvancedScenarioScenarios2@51c668e3]" started-at="2023-12-13T13:14:55 IST" name="logOutUser22" finished-at="2023-12-13T13:14:57 IST" duration-ms="2232" status="PASS">
          <reporter-output>
          </reporter-output>
        </test-method> <!-- logOutUser22 -->
        <test-method signature="logInAdmin(java.lang.String,java.lang.String)[pri:28, instance:com.sgtesting.tests.Q9AdvancedScenarioScenarios2@51c668e3]" started-at="2023-12-13T13:14:57 IST" name="logInAdmin" data-provider="loginAdminData" finished-at="2023-12-13T13:15:02 IST" duration-ms="4792" status="PASS">
          <params>
            <param index="0">
              <value>
                <![CDATA[admin]]>
              </value>
            </param>
            <param index="1">
              <value>
                <![CDATA[manager]]>
              </value>
            </param>
          </params>
          <reporter-output>
          </reporter-output>
        </test-method> <!-- logInAdmin -->
        <test-method signature="modifyUser1(java.lang.String,java.lang.String)[pri:29, instance:com.sgtesting.tests.Q9AdvancedScenarioScenarios2@51c668e3]" started-at="2023-12-13T13:15:02 IST" name="modifyUser1" data-provider="modifyUser1Data" finished-at="2023-12-13T13:15:12 IST" duration-ms="10062" status="PASS">
          <params>
            <param index="0">
              <value>
                <![CDATA[zxcv@123]]>
              </value>
            </param>
            <param index="1">
              <value>
                <![CDATA[zxcv@123]]>
              </value>
            </param>
          </params>
          <reporter-output>
          </reporter-output>
        </test-method> <!-- modifyUser1 -->
        <test-method signature="logOutAdmin1()[pri:30, instance:com.sgtesting.tests.Q9AdvancedScenarioScenarios2@51c668e3]" started-at="2023-12-13T13:15:12 IST" name="logOutAdmin1" finished-at="2023-12-13T13:15:14 IST" duration-ms="2256" status="PASS">
          <reporter-output>
          </reporter-output>
        </test-method> <!-- logOutAdmin1 -->
        <test-method signature="logInAsUser12(java.lang.String,java.lang.String)[pri:31, instance:com.sgtesting.tests.Q9AdvancedScenarioScenarios2@51c668e3]" started-at="2023-12-13T13:15:14 IST" name="logInAsUser12" data-provider="loginUser12Data" finished-at="2023-12-13T13:15:19 IST" duration-ms="4733" status="PASS">
          <params>
            <param index="0">
              <value>
                <![CDATA[Ranavrakshi]]>
              </value>
            </param>
            <param index="1">
              <value>
                <![CDATA[zxcv@123]]>
              </value>
            </param>
          </params>
          <reporter-output>
          </reporter-output>
        </test-method> <!-- logInAsUser12 -->
        <test-method signature="logOutUser12()[pri:32, instance:com.sgtesting.tests.Q9AdvancedScenarioScenarios2@51c668e3]" started-at="2023-12-13T13:15:19 IST" name="logOutUser12" finished-at="2023-12-13T13:15:21 IST" duration-ms="2349" status="PASS">
          <reporter-output>
          </reporter-output>
        </test-method> <!-- logOutUser12 -->
        <test-method signature="logInAsUser23(java.lang.String,java.lang.String)[pri:33, instance:com.sgtesting.tests.Q9AdvancedScenarioScenarios2@51c668e3]" started-at="2023-12-13T13:15:21 IST" name="logInAsUser23" data-provider="loginUser23Data" finished-at="2023-12-13T13:15:26 IST" duration-ms="4769" status="PASS">
          <params>
            <param index="0">
              <value>
                <![CDATA[Thilakthili]]>
              </value>
            </param>
            <param index="1">
              <value>
                <![CDATA[qwer@123]]>
              </value>
            </param>
          </params>
          <reporter-output>
          </reporter-output>
        </test-method> <!-- logInAsUser23 -->
        <test-method signature="deleteUser3()[pri:34, instance:com.sgtesting.tests.Q9AdvancedScenarioScenarios2@51c668e3]" started-at="2023-12-13T13:15:26 IST" name="deleteUser3" finished-at="2023-12-13T13:15:30 IST" duration-ms="4395" status="PASS">
          <reporter-output>
          </reporter-output>
        </test-method> <!-- deleteUser3 -->
        <test-method signature="logOutUser23()[pri:35, instance:com.sgtesting.tests.Q9AdvancedScenarioScenarios2@51c668e3]" started-at="2023-12-13T13:15:30 IST" name="logOutUser23" finished-at="2023-12-13T13:15:32 IST" duration-ms="2219" status="PASS">
          <reporter-output>
          </reporter-output>
        </test-method> <!-- logOutUser23 -->
        <test-method signature="logInAsUser13(java.lang.String,java.lang.String)[pri:36, instance:com.sgtesting.tests.Q9AdvancedScenarioScenarios2@51c668e3]" started-at="2023-12-13T13:15:32 IST" name="logInAsUser13" data-provider="loginUser12Data" finished-at="2023-12-13T13:15:37 IST" duration-ms="4811" status="PASS">
          <params>
            <param index="0">
              <value>
                <![CDATA[Ranavrakshi]]>
              </value>
            </param>
            <param index="1">
              <value>
                <![CDATA[zxcv@123]]>
              </value>
            </param>
          </params>
          <reporter-output>
          </reporter-output>
        </test-method> <!-- logInAsUser13 -->
        <test-method signature="deleteUser2()[pri:37, instance:com.sgtesting.tests.Q9AdvancedScenarioScenarios2@51c668e3]" started-at="2023-12-13T13:15:37 IST" name="deleteUser2" finished-at="2023-12-13T13:15:41 IST" duration-ms="4195" status="PASS">
          <reporter-output>
          </reporter-output>
        </test-method> <!-- deleteUser2 -->
        <test-method signature="logOutUser13()[pri:38, instance:com.sgtesting.tests.Q9AdvancedScenarioScenarios2@51c668e3]" started-at="2023-12-13T13:15:41 IST" name="logOutUser13" finished-at="2023-12-13T13:15:42 IST" duration-ms="247" status="PASS">
          <reporter-output>
          </reporter-output>
        </test-method> <!-- logOutUser13 -->
        <test-method signature="logInAdmin1(java.lang.String,java.lang.String)[pri:39, instance:com.sgtesting.tests.Q9AdvancedScenarioScenarios2@51c668e3]" started-at="2023-12-13T13:15:42 IST" name="logInAdmin1" data-provider="loginAdminData" finished-at="2023-12-13T13:15:46 IST" duration-ms="4624" status="PASS">
          <params>
            <param index="0">
              <value>
                <![CDATA[admin]]>
              </value>
            </param>
            <param index="1">
              <value>
                <![CDATA[manager]]>
              </value>
            </param>
          </params>
          <reporter-output>
          </reporter-output>
        </test-method> <!-- logInAdmin1 -->
        <test-method signature="deleteUser1()[pri:40, instance:com.sgtesting.tests.Q9AdvancedScenarioScenarios2@51c668e3]" started-at="2023-12-13T13:15:46 IST" name="deleteUser1" finished-at="2023-12-13T13:15:51 IST" duration-ms="4253" status="PASS">
          <reporter-output>
          </reporter-output>
        </test-method> <!-- deleteUser1 -->
        <test-method signature="logOutAdmin12()[pri:41, instance:com.sgtesting.tests.Q9AdvancedScenarioScenarios2@51c668e3]" started-at="2023-12-13T13:15:51 IST" name="logOutAdmin12" finished-at="2023-12-13T13:15:51 IST" duration-ms="246" status="PASS">
          <reporter-output>
          </reporter-output>
        </test-method> <!-- logOutAdmin12 -->
        <test-method signature="closeApplication()[pri:42, instance:com.sgtesting.tests.Q9AdvancedScenarioScenarios2@51c668e3]" started-at="2023-12-13T13:15:51 IST" name="closeApplication" finished-at="2023-12-13T13:15:56 IST" duration-ms="5632" status="PASS">
          <reporter-output>
          </reporter-output>
        </test-method> <!-- closeApplication -->
      </class> <!-- com.sgtesting.tests.Q9AdvancedScenarioScenarios2 -->
      <class name="com.sgtesting.tests.Q4CreateModifyDeleteCustomer">
        <test-method signature="launchBrowser()[pri:1, instance:com.sgtesting.tests.Q4CreateModifyDeleteCustomer@2e3967ea]" started-at="2023-12-13T13:06:35 IST" name="launchBrowser" finished-at="2023-12-13T13:06:38 IST" duration-ms="2835" status="PASS">
          <reporter-output>
          </reporter-output>
        </test-method> <!-- launchBrowser -->
        <test-method signature="navigate(java.lang.String)[pri:2, instance:com.sgtesting.tests.Q4CreateModifyDeleteCustomer@2e3967ea]" started-at="2023-12-13T13:06:38 IST" name="navigate" data-provider="navigateURL" finished-at="2023-12-13T13:06:41 IST" duration-ms="3353" status="PASS">
          <params>
            <param index="0">
              <value>
                <![CDATA[http://localhost/login.do]]>
              </value>
            </param>
          </params>
          <reporter-output>
          </reporter-output>
        </test-method> <!-- navigate -->
        <test-method signature="login(java.lang.String,java.lang.String)[pri:3, instance:com.sgtesting.tests.Q4CreateModifyDeleteCustomer@2e3967ea]" started-at="2023-12-13T13:06:41 IST" name="login" data-provider="adminLoginData" finished-at="2023-12-13T13:06:47 IST" duration-ms="6483" status="PASS">
          <params>
            <param index="0">
              <value>
                <![CDATA[admin]]>
              </value>
            </param>
            <param index="1">
              <value>
                <![CDATA[manager]]>
              </value>
            </param>
          </params>
          <reporter-output>
          </reporter-output>
        </test-method> <!-- login -->
        <test-method signature="minimizeFlyWindow()[pri:4, instance:com.sgtesting.tests.Q4CreateModifyDeleteCustomer@2e3967ea]" started-at="2023-12-13T13:06:47 IST" name="minimizeFlyWindow" finished-at="2023-12-13T13:06:49 IST" duration-ms="1090" status="PASS">
          <reporter-output>
          </reporter-output>
        </test-method> <!-- minimizeFlyWindow -->
        <test-method signature="createCustomer(java.lang.String,java.lang.String)[pri:5, instance:com.sgtesting.tests.Q4CreateModifyDeleteCustomer@2e3967ea]" started-at="2023-12-13T13:06:49 IST" name="createCustomer" data-provider="createCustomerData" finished-at="2023-12-13T13:06:58 IST" duration-ms="9698" status="PASS">
          <params>
            <param index="0">
              <value>
                <![CDATA[Ranav]]>
              </value>
            </param>
            <param index="1">
              <value>
                <![CDATA[Good Programmer]]>
              </value>
            </param>
          </params>
          <reporter-output>
          </reporter-output>
        </test-method> <!-- createCustomer -->
        <test-method signature="modifyCustomer()[pri:6, instance:com.sgtesting.tests.Q4CreateModifyDeleteCustomer@2e3967ea]" started-at="2023-12-13T13:06:58 IST" name="modifyCustomer" finished-at="2023-12-13T13:07:04 IST" duration-ms="5316" status="PASS">
          <reporter-output>
          </reporter-output>
        </test-method> <!-- modifyCustomer -->
        <test-method signature="deleteCustomer()[pri:7, instance:com.sgtesting.tests.Q4CreateModifyDeleteCustomer@2e3967ea]" started-at="2023-12-13T13:07:04 IST" name="deleteCustomer" finished-at="2023-12-13T13:07:09 IST" duration-ms="5392" status="PASS">
          <reporter-output>
          </reporter-output>
        </test-method> <!-- deleteCustomer -->
        <test-method signature="logOutAdmin()[pri:8, instance:com.sgtesting.tests.Q4CreateModifyDeleteCustomer@2e3967ea]" started-at="2023-12-13T13:07:09 IST" name="logOutAdmin" finished-at="2023-12-13T13:07:10 IST" duration-ms="1347" status="PASS">
          <reporter-output>
          </reporter-output>
        </test-method> <!-- logOutAdmin -->
        <test-method signature="closeBrowser()[pri:9, instance:com.sgtesting.tests.Q4CreateModifyDeleteCustomer@2e3967ea]" started-at="2023-12-13T13:07:10 IST" name="closeBrowser" finished-at="2023-12-13T13:07:16 IST" duration-ms="5542" status="PASS">
          <reporter-output>
          </reporter-output>
        </test-method> <!-- closeBrowser -->
      </class> <!-- com.sgtesting.tests.Q4CreateModifyDeleteCustomer -->
      <class name="com.sgtesting.tests.Q3CreateDeleteCustomer">
        <test-method signature="launchBrowser()[pri:1, instance:com.sgtesting.tests.Q3CreateDeleteCustomer@5d534f5d]" started-at="2023-12-13T13:05:59 IST" name="launchBrowser" finished-at="2023-12-13T13:06:02 IST" duration-ms="3072" status="PASS">
          <reporter-output>
          </reporter-output>
        </test-method> <!-- launchBrowser -->
        <test-method signature="navigate(java.lang.String)[pri:2, instance:com.sgtesting.tests.Q3CreateDeleteCustomer@5d534f5d]" started-at="2023-12-13T13:06:02 IST" name="navigate" data-provider="navigateURL" finished-at="2023-12-13T13:06:05 IST" duration-ms="3368" status="PASS">
          <params>
            <param index="0">
              <value>
                <![CDATA[http://localhost/login.do]]>
              </value>
            </param>
          </params>
          <reporter-output>
          </reporter-output>
        </test-method> <!-- navigate -->
        <test-method signature="login(java.lang.String,java.lang.String)[pri:3, instance:com.sgtesting.tests.Q3CreateDeleteCustomer@5d534f5d]" started-at="2023-12-13T13:06:05 IST" name="login" data-provider="adminLoginData" finished-at="2023-12-13T13:06:12 IST" duration-ms="6612" status="PASS">
          <params>
            <param index="0">
              <value>
                <![CDATA[admin]]>
              </value>
            </param>
            <param index="1">
              <value>
                <![CDATA[manager]]>
              </value>
            </param>
          </params>
          <reporter-output>
          </reporter-output>
        </test-method> <!-- login -->
        <test-method signature="minimizeFlyWindow()[pri:4, instance:com.sgtesting.tests.Q3CreateDeleteCustomer@5d534f5d]" started-at="2023-12-13T13:06:12 IST" name="minimizeFlyWindow" finished-at="2023-12-13T13:06:13 IST" duration-ms="1081" status="PASS">
          <reporter-output>
          </reporter-output>
        </test-method> <!-- minimizeFlyWindow -->
        <test-method signature="createCustomer(java.lang.String,java.lang.String)[pri:5, instance:com.sgtesting.tests.Q3CreateDeleteCustomer@5d534f5d]" started-at="2023-12-13T13:06:13 IST" name="createCustomer" data-provider="createCustomerData" finished-at="2023-12-13T13:06:23 IST" duration-ms="9754" status="PASS">
          <params>
            <param index="0">
              <value>
                <![CDATA[Ranav]]>
              </value>
            </param>
            <param index="1">
              <value>
                <![CDATA[Good Programmer]]>
              </value>
            </param>
          </params>
          <reporter-output>
          </reporter-output>
        </test-method> <!-- createCustomer -->
        <test-method signature="deleteCustomer()[pri:6, instance:com.sgtesting.tests.Q3CreateDeleteCustomer@5d534f5d]" started-at="2023-12-13T13:06:23 IST" name="deleteCustomer" finished-at="2023-12-13T13:06:27 IST" duration-ms="4426" status="PASS">
          <reporter-output>
          </reporter-output>
        </test-method> <!-- deleteCustomer -->
        <test-method signature="logOutAdmin()[pri:7, instance:com.sgtesting.tests.Q3CreateDeleteCustomer@5d534f5d]" started-at="2023-12-13T13:06:27 IST" name="logOutAdmin" finished-at="2023-12-13T13:06:29 IST" duration-ms="1513" status="PASS">
          <reporter-output>
          </reporter-output>
        </test-method> <!-- logOutAdmin -->
        <test-method signature="closeBrowser()[pri:8, instance:com.sgtesting.tests.Q3CreateDeleteCustomer@5d534f5d]" started-at="2023-12-13T13:06:29 IST" name="closeBrowser" finished-at="2023-12-13T13:06:35 IST" duration-ms="6095" status="PASS">
          <reporter-output>
          </reporter-output>
        </test-method> <!-- closeBrowser -->
      </class> <!-- com.sgtesting.tests.Q3CreateDeleteCustomer -->
      <class name="com.sgtesting.tests.Q6CreateCustomeProjectModifyProjectAndDeleteAll">
        <test-method signature="launchBrowser()[pri:1, instance:com.sgtesting.tests.Q6CreateCustomeProjectModifyProjectAndDeleteAll@4d5650ae]" started-at="2023-12-13T13:08:07 IST" name="launchBrowser" finished-at="2023-12-13T13:08:10 IST" duration-ms="3193" status="PASS">
          <reporter-output>
          </reporter-output>
        </test-method> <!-- launchBrowser -->
        <test-method signature="navigate(java.lang.String)[pri:2, instance:com.sgtesting.tests.Q6CreateCustomeProjectModifyProjectAndDeleteAll@4d5650ae]" started-at="2023-12-13T13:08:10 IST" name="navigate" data-provider="navigateURL" finished-at="2023-12-13T13:08:14 IST" duration-ms="3443" status="PASS">
          <params>
            <param index="0">
              <value>
                <![CDATA[http://localhost/login.do]]>
              </value>
            </param>
          </params>
          <reporter-output>
          </reporter-output>
        </test-method> <!-- navigate -->
        <test-method signature="login(java.lang.String,java.lang.String)[pri:3, instance:com.sgtesting.tests.Q6CreateCustomeProjectModifyProjectAndDeleteAll@4d5650ae]" started-at="2023-12-13T13:08:14 IST" name="login" data-provider="adminLoginData" finished-at="2023-12-13T13:08:23 IST" duration-ms="8959" status="PASS">
          <params>
            <param index="0">
              <value>
                <![CDATA[admin]]>
              </value>
            </param>
            <param index="1">
              <value>
                <![CDATA[manager]]>
              </value>
            </param>
          </params>
          <reporter-output>
          </reporter-output>
        </test-method> <!-- login -->
        <test-method signature="minimizeFlyWindow()[pri:4, instance:com.sgtesting.tests.Q6CreateCustomeProjectModifyProjectAndDeleteAll@4d5650ae]" started-at="2023-12-13T13:08:23 IST" name="minimizeFlyWindow" finished-at="2023-12-13T13:08:24 IST" duration-ms="1254" status="PASS">
          <reporter-output>
          </reporter-output>
        </test-method> <!-- minimizeFlyWindow -->
        <test-method signature="createCustomer(java.lang.String,java.lang.String)[pri:5, instance:com.sgtesting.tests.Q6CreateCustomeProjectModifyProjectAndDeleteAll@4d5650ae]" started-at="2023-12-13T13:08:24 IST" name="createCustomer" data-provider="createCustomerData" finished-at="2023-12-13T13:08:34 IST" duration-ms="9921" status="PASS">
          <params>
            <param index="0">
              <value>
                <![CDATA[Ranav]]>
              </value>
            </param>
            <param index="1">
              <value>
                <![CDATA[Good Programmer]]>
              </value>
            </param>
          </params>
          <reporter-output>
          </reporter-output>
        </test-method> <!-- createCustomer -->
        <test-method signature="createProject(java.lang.String)[pri:6, instance:com.sgtesting.tests.Q6CreateCustomeProjectModifyProjectAndDeleteAll@4d5650ae]" started-at="2023-12-13T13:08:34 IST" name="createProject" data-provider="createProjectData" finished-at="2023-12-13T13:08:40 IST" duration-ms="6570" status="PASS">
          <params>
            <param index="0">
              <value>
                <![CDATA[LoginPageBuild]]>
              </value>
            </param>
          </params>
          <reporter-output>
          </reporter-output>
        </test-method> <!-- createProject -->
        <test-method signature="modifyProject()[pri:7, instance:com.sgtesting.tests.Q6CreateCustomeProjectModifyProjectAndDeleteAll@4d5650ae]" started-at="2023-12-13T13:08:40 IST" name="modifyProject" finished-at="2023-12-13T13:08:45 IST" duration-ms="4346" status="PASS">
          <reporter-output>
          </reporter-output>
        </test-method> <!-- modifyProject -->
        <test-method signature="deleteProject()[pri:8, instance:com.sgtesting.tests.Q6CreateCustomeProjectModifyProjectAndDeleteAll@4d5650ae]" started-at="2023-12-13T13:08:45 IST" name="deleteProject" finished-at="2023-12-13T13:08:51 IST" duration-ms="6469" status="PASS">
          <reporter-output>
          </reporter-output>
        </test-method> <!-- deleteProject -->
        <test-method signature="deleteCustomer()[pri:9, instance:com.sgtesting.tests.Q6CreateCustomeProjectModifyProjectAndDeleteAll@4d5650ae]" started-at="2023-12-13T13:08:51 IST" name="deleteCustomer" finished-at="2023-12-13T13:08:58 IST" duration-ms="6360" status="PASS">
          <reporter-output>
          </reporter-output>
        </test-method> <!-- deleteCustomer -->
        <test-method signature="logOutAdmin()[pri:10, instance:com.sgtesting.tests.Q6CreateCustomeProjectModifyProjectAndDeleteAll@4d5650ae]" started-at="2023-12-13T13:08:58 IST" name="logOutAdmin" finished-at="2023-12-13T13:08:59 IST" duration-ms="1333" status="PASS">
          <reporter-output>
          </reporter-output>
        </test-method> <!-- logOutAdmin -->
        <test-method signature="closeBrowser()[pri:11, instance:com.sgtesting.tests.Q6CreateCustomeProjectModifyProjectAndDeleteAll@4d5650ae]" started-at="2023-12-13T13:08:59 IST" name="closeBrowser" finished-at="2023-12-13T13:09:06 IST" duration-ms="6774" status="PASS">
          <reporter-output>
          </reporter-output>
        </test-method> <!-- closeBrowser -->
      </class> <!-- com.sgtesting.tests.Q6CreateCustomeProjectModifyProjectAndDeleteAll -->
    </test> <!-- Scenarios -->
  </suite> <!-- TestngScenario -->
</testng-results>
