<?xml version="1.0" encoding="UTF-8"?>
<!-- Generated by org.testng.reporters.JUnitXMLReporter -->
<testsuite ignored="0" hostname="Tanu" failures="0" tests="147" name="Scenarios" time="700.031" errors="0" timestamp="2023-12-13T13:15:57 IST">
  <testcase classname="com.sgtesting.tests.LoginLogoutScenario" name="launchBrowser" time="4.513"/>
  <testcase classname="com.sgtesting.tests.LoginLogoutScenario" name="navigate" time="1.42"/>
  <testcase classname="com.sgtesting.tests.LoginLogoutScenario" name="login" time="6.589"/>
  <testcase classname="com.sgtesting.tests.LoginLogoutScenario" name="minimizeFlyOutWindow" time="2.114"/>
  <testcase classname="com.sgtesting.tests.LoginLogoutScenario" name="logout" time="2.289"/>
  <testcase classname="com.sgtesting.tests.LoginLogoutScenario" name="closeApplication" time="0.321"/>
  <testcase classname="com.sgtesting.tests.Q1CreateDeleteUserScenario" name="launchBrowser" time="2.624"/>
  <testcase classname="com.sgtesting.tests.Q1CreateDeleteUserScenario" name="navigate" time="3.594"/>
  <testcase classname="com.sgtesting.tests.Q1CreateDeleteUserScenario" name="login" time="6.582"/>
  <testcase classname="com.sgtesting.tests.Q1CreateDeleteUserScenario" name="minimizeFlyWindow" time="1.105"/>
  <testcase classname="com.sgtesting.tests.Q1CreateDeleteUserScenario" name="createUser" time="12.987"/>
  <testcase classname="com.sgtesting.tests.Q1CreateDeleteUserScenario" name="deleteUser" time="6.408"/>
  <testcase classname="com.sgtesting.tests.Q1CreateDeleteUserScenario" name="logOut" time="2.423"/>
  <testcase classname="com.sgtesting.tests.Q1CreateDeleteUserScenario" name="closeBrowser" time="6.421"/>
  <testcase classname="com.sgtesting.tests.Q2ModifyUser" name="launchBrowser" time="2.875"/>
  <testcase classname="com.sgtesting.tests.Q2ModifyUser" name="navigate" time="3.428"/>
  <testcase classname="com.sgtesting.tests.Q2ModifyUser" name="logIn" time="5.689"/>
  <testcase classname="com.sgtesting.tests.Q2ModifyUser" name="minimizeFlyWindow" time="1.084"/>
  <testcase classname="com.sgtesting.tests.Q2ModifyUser" name="createUser" time="9.402"/>
  <testcase classname="com.sgtesting.tests.Q2ModifyUser" name="modifyUser" time="6.96"/>
  <testcase classname="com.sgtesting.tests.Q2ModifyUser" name="deleteUser" time="4.465"/>
  <testcase classname="com.sgtesting.tests.Q2ModifyUser" name="logOut" time="1.566"/>
  <testcase classname="com.sgtesting.tests.Q2ModifyUser" name="closeBrowser" time="7.038"/>
  <testcase classname="com.sgtesting.tests.Q3CreateDeleteCustomer" name="launchBrowser" time="3.072"/>
  <testcase classname="com.sgtesting.tests.Q3CreateDeleteCustomer" name="navigate" time="3.368"/>
  <testcase classname="com.sgtesting.tests.Q3CreateDeleteCustomer" name="login" time="6.612"/>
  <testcase classname="com.sgtesting.tests.Q3CreateDeleteCustomer" name="minimizeFlyWindow" time="1.081"/>
  <testcase classname="com.sgtesting.tests.Q3CreateDeleteCustomer" name="createCustomer" time="9.754"/>
  <testcase classname="com.sgtesting.tests.Q3CreateDeleteCustomer" name="deleteCustomer" time="4.426"/>
  <testcase classname="com.sgtesting.tests.Q3CreateDeleteCustomer" name="logOutAdmin" time="1.513"/>
  <testcase classname="com.sgtesting.tests.Q3CreateDeleteCustomer" name="closeBrowser" time="6.095"/>
  <testcase classname="com.sgtesting.tests.Q4CreateModifyDeleteCustomer" name="launchBrowser" time="2.835"/>
  <testcase classname="com.sgtesting.tests.Q4CreateModifyDeleteCustomer" name="navigate" time="3.353"/>
  <testcase classname="com.sgtesting.tests.Q4CreateModifyDeleteCustomer" name="login" time="6.483"/>
  <testcase classname="com.sgtesting.tests.Q4CreateModifyDeleteCustomer" name="minimizeFlyWindow" time="1.09"/>
  <testcase classname="com.sgtesting.tests.Q4CreateModifyDeleteCustomer" name="createCustomer" time="9.698"/>
  <testcase classname="com.sgtesting.tests.Q4CreateModifyDeleteCustomer" name="modifyCustomer" time="5.316"/>
  <testcase classname="com.sgtesting.tests.Q4CreateModifyDeleteCustomer" name="deleteCustomer" time="5.392"/>
  <testcase classname="com.sgtesting.tests.Q4CreateModifyDeleteCustomer" name="logOutAdmin" time="1.347"/>
  <testcase classname="com.sgtesting.tests.Q4CreateModifyDeleteCustomer" name="closeBrowser" time="5.542"/>
  <testcase classname="com.sgtesting.tests.Q5CreateCustomeProjectAndDelete" name="launchBrowser" time="2.899"/>
  <testcase classname="com.sgtesting.tests.Q5CreateCustomeProjectAndDelete" name="navigate" time="4.054"/>
  <testcase classname="com.sgtesting.tests.Q5CreateCustomeProjectAndDelete" name="login" time="6.765"/>
  <testcase classname="com.sgtesting.tests.Q5CreateCustomeProjectAndDelete" name="minimizeFlyWindow" time="1.088"/>
  <testcase classname="com.sgtesting.tests.Q5CreateCustomeProjectAndDelete" name="createCustomer" time="9.744"/>
  <testcase classname="com.sgtesting.tests.Q5CreateCustomeProjectAndDelete" name="createProject" time="6.637"/>
  <testcase classname="com.sgtesting.tests.Q5CreateCustomeProjectAndDelete" name="deleteProject" time="6.458"/>
  <testcase classname="com.sgtesting.tests.Q5CreateCustomeProjectAndDelete" name="deleteCustomer" time="6.362"/>
  <testcase classname="com.sgtesting.tests.Q5CreateCustomeProjectAndDelete" name="logOutAdmin" time="1.525"/>
  <testcase classname="com.sgtesting.tests.Q5CreateCustomeProjectAndDelete" name="closeBrowser" time="5.549"/>
  <testcase classname="com.sgtesting.tests.Q6CreateCustomeProjectModifyProjectAndDeleteAll" name="launchBrowser" time="3.193"/>
  <testcase classname="com.sgtesting.tests.Q6CreateCustomeProjectModifyProjectAndDeleteAll" name="navigate" time="3.443"/>
  <testcase classname="com.sgtesting.tests.Q6CreateCustomeProjectModifyProjectAndDeleteAll" name="login" time="8.959"/>
  <testcase classname="com.sgtesting.tests.Q6CreateCustomeProjectModifyProjectAndDeleteAll" name="minimizeFlyWindow" time="1.254"/>
  <testcase classname="com.sgtesting.tests.Q6CreateCustomeProjectModifyProjectAndDeleteAll" name="createCustomer" time="9.921"/>
  <testcase classname="com.sgtesting.tests.Q6CreateCustomeProjectModifyProjectAndDeleteAll" name="createProject" time="6.57"/>
  <testcase classname="com.sgtesting.tests.Q6CreateCustomeProjectModifyProjectAndDeleteAll" name="modifyProject" time="4.346"/>
  <testcase classname="com.sgtesting.tests.Q6CreateCustomeProjectModifyProjectAndDeleteAll" name="deleteProject" time="6.469"/>
  <testcase classname="com.sgtesting.tests.Q6CreateCustomeProjectModifyProjectAndDeleteAll" name="deleteCustomer" time="6.36"/>
  <testcase classname="com.sgtesting.tests.Q6CreateCustomeProjectModifyProjectAndDeleteAll" name="logOutAdmin" time="1.333"/>
  <testcase classname="com.sgtesting.tests.Q6CreateCustomeProjectModifyProjectAndDeleteAll" name="closeBrowser" time="6.774"/>
  <testcase classname="com.sgtesting.tests.Q7CreateCustomerProjectTaskAndDeleteAll" name="launchBrowser" time="3.069"/>
  <testcase classname="com.sgtesting.tests.Q7CreateCustomerProjectTaskAndDeleteAll" name="navigate" time="3.347"/>
  <testcase classname="com.sgtesting.tests.Q7CreateCustomerProjectTaskAndDeleteAll" name="login" time="7.081"/>
  <testcase classname="com.sgtesting.tests.Q7CreateCustomerProjectTaskAndDeleteAll" name="minimizeFlyWindow" time="1.127"/>
  <testcase classname="com.sgtesting.tests.Q7CreateCustomerProjectTaskAndDeleteAll" name="createCustomer" time="9.463"/>
  <testcase classname="com.sgtesting.tests.Q7CreateCustomerProjectTaskAndDeleteAll" name="createProject" time="6.61"/>
  <testcase classname="com.sgtesting.tests.Q7CreateCustomerProjectTaskAndDeleteAll" name="createTask" time="7.938"/>
  <testcase classname="com.sgtesting.tests.Q7CreateCustomerProjectTaskAndDeleteAll" name="deleteTask" time="6.31"/>
  <testcase classname="com.sgtesting.tests.Q7CreateCustomerProjectTaskAndDeleteAll" name="deleteProject" time="7.563"/>
  <testcase classname="com.sgtesting.tests.Q7CreateCustomerProjectTaskAndDeleteAll" name="deleteCustomer" time="7.345"/>
  <testcase classname="com.sgtesting.tests.Q7CreateCustomerProjectTaskAndDeleteAll" name="logOutAdmin" time="1.296"/>
  <testcase classname="com.sgtesting.tests.Q7CreateCustomerProjectTaskAndDeleteAll" name="closeBrowser" time="6.062"/>
  <testcase classname="com.sgtesting.tests.Q8AdvancedScenarios" name="launchBrowser" time="2.544"/>
  <testcase classname="com.sgtesting.tests.Q8AdvancedScenarios" name="navigate" time="4.002"/>
  <testcase classname="com.sgtesting.tests.Q8AdvancedScenarios" name="logIn" time="5.444"/>
  <testcase classname="com.sgtesting.tests.Q8AdvancedScenarios" name="minimizeFlyWindow" time="1.08"/>
  <testcase classname="com.sgtesting.tests.Q8AdvancedScenarios" name="createUsers" time="8.486"/>
  <testcase classname="com.sgtesting.tests.Q8AdvancedScenarios" name="createUsers" time="7.514"/>
  <testcase classname="com.sgtesting.tests.Q8AdvancedScenarios" name="createUsers" time="7.495"/>
  <testcase classname="com.sgtesting.tests.Q8AdvancedScenarios" name="logOut" time="2.288"/>
  <testcase classname="com.sgtesting.tests.Q8AdvancedScenarios" name="logInAsUser1" time="14.147"/>
  <testcase classname="com.sgtesting.tests.Q8AdvancedScenarios" name="minimizeFlyWindow1" time="2.437"/>
  <testcase classname="com.sgtesting.tests.Q8AdvancedScenarios" name="logOutUser1" time="4.269"/>
  <testcase classname="com.sgtesting.tests.Q8AdvancedScenarios" name="logInAsUser2" time="6.645"/>
  <testcase classname="com.sgtesting.tests.Q8AdvancedScenarios" name="minimizeFlyWindow2" time="2.132"/>
  <testcase classname="com.sgtesting.tests.Q8AdvancedScenarios" name="logOutUser2" time="4.273"/>
  <testcase classname="com.sgtesting.tests.Q8AdvancedScenarios" name="logInAsUSer3" time="4.725"/>
  <testcase classname="com.sgtesting.tests.Q8AdvancedScenarios" name="minimizeFlyWindow3" time="2.088"/>
  <testcase classname="com.sgtesting.tests.Q8AdvancedScenarios" name="logOutUser3" time="3.235"/>
  <testcase classname="com.sgtesting.tests.Q8AdvancedScenarios" name="adminLogin" time="4.789"/>
  <testcase classname="com.sgtesting.tests.Q8AdvancedScenarios" name="minimizeFlyWindow4" time="2.077"/>
  <testcase classname="com.sgtesting.tests.Q8AdvancedScenarios" name="modifyUsersPassword" time="27.9"/>
  <testcase classname="com.sgtesting.tests.Q8AdvancedScenarios" name="logOutAdmin" time="3.355"/>
  <testcase classname="com.sgtesting.tests.Q8AdvancedScenarios" name="logInAsUser11" time="5.105"/>
  <testcase classname="com.sgtesting.tests.Q8AdvancedScenarios" name="logOutUser11" time="4.265"/>
  <testcase classname="com.sgtesting.tests.Q8AdvancedScenarios" name="logInAsUser21" time="4.648"/>
  <testcase classname="com.sgtesting.tests.Q8AdvancedScenarios" name="logOutUser21" time="4.25"/>
  <testcase classname="com.sgtesting.tests.Q8AdvancedScenarios" name="logInAsUSer31" time="4.661"/>
  <testcase classname="com.sgtesting.tests.Q8AdvancedScenarios" name="logOutUser31" time="3.251"/>
  <testcase classname="com.sgtesting.tests.Q8AdvancedScenarios" name="logInAsAdmin1" time="4.733"/>
  <testcase classname="com.sgtesting.tests.Q8AdvancedScenarios" name="minimizeFlyWindow41" time="2.069"/>
  <testcase classname="com.sgtesting.tests.Q8AdvancedScenarios" name="deleteUsers" time="10.014"/>
  <testcase classname="com.sgtesting.tests.Q8AdvancedScenarios" name="logOutAdmin1" time="3.291"/>
  <testcase classname="com.sgtesting.tests.Q8AdvancedScenarios" name="closeApplication" time="0.427"/>
  <testcase classname="com.sgtesting.tests.Q9AdvancedScenarioScenarios2" name="launchBrowser" time="2.454"/>
  <testcase classname="com.sgtesting.tests.Q9AdvancedScenarioScenarios2" name="navigate" time="3.718"/>
  <testcase classname="com.sgtesting.tests.Q9AdvancedScenarioScenarios2" name="logIn" time="4.533"/>
  <testcase classname="com.sgtesting.tests.Q9AdvancedScenarioScenarios2" name="minimizeFlyWindow" time="1.074"/>
  <testcase classname="com.sgtesting.tests.Q9AdvancedScenarioScenarios2" name="createUser1" time="8.592"/>
  <testcase classname="com.sgtesting.tests.Q9AdvancedScenarioScenarios2" name="logOutAdmin" time="2.299"/>
  <testcase classname="com.sgtesting.tests.Q9AdvancedScenarioScenarios2" name="logInAsUser1" time="6.97"/>
  <testcase classname="com.sgtesting.tests.Q9AdvancedScenarioScenarios2" name="minimizeFlyWindow1" time="1.28"/>
  <testcase classname="com.sgtesting.tests.Q9AdvancedScenarioScenarios2" name="createUser2" time="7.899"/>
  <testcase classname="com.sgtesting.tests.Q9AdvancedScenarioScenarios2" name="logOutUser1" time="2.303"/>
  <testcase classname="com.sgtesting.tests.Q9AdvancedScenarioScenarios2" name="logInAsUser2" time="6.899"/>
  <testcase classname="com.sgtesting.tests.Q9AdvancedScenarioScenarios2" name="minimizeFlyWindow2" time="1.099"/>
  <testcase classname="com.sgtesting.tests.Q9AdvancedScenarioScenarios2" name="createUser3" time="7.37"/>
  <testcase classname="com.sgtesting.tests.Q9AdvancedScenarioScenarios2" name="logOutUser2" time="2.248"/>
  <testcase classname="com.sgtesting.tests.Q9AdvancedScenarioScenarios2" name="logInAsUser3" time="4.57"/>
  <testcase classname="com.sgtesting.tests.Q9AdvancedScenarioScenarios2" name="minimizeFlyWindow3" time="2.087"/>
  <testcase classname="com.sgtesting.tests.Q9AdvancedScenarioScenarios2" name="logOutUser3" time="2.256"/>
  <testcase classname="com.sgtesting.tests.Q9AdvancedScenarioScenarios2" name="logInAsUser21" time="4.73"/>
  <testcase classname="com.sgtesting.tests.Q9AdvancedScenarioScenarios2" name="modifyUser3" time="10.215"/>
  <testcase classname="com.sgtesting.tests.Q9AdvancedScenarioScenarios2" name="logOutUser21" time="2.356"/>
  <testcase classname="com.sgtesting.tests.Q9AdvancedScenarioScenarios2" name="logInAsUser31" time="4.697"/>
  <testcase classname="com.sgtesting.tests.Q9AdvancedScenarioScenarios2" name="logOutUser31" time="2.249"/>
  <testcase classname="com.sgtesting.tests.Q9AdvancedScenarioScenarios2" name="logInAsUser11" time="4.798"/>
  <testcase classname="com.sgtesting.tests.Q9AdvancedScenarioScenarios2" name="modifyUser2" time="10.001"/>
  <testcase classname="com.sgtesting.tests.Q9AdvancedScenarioScenarios2" name="logOutUser11" time="2.26"/>
  <testcase classname="com.sgtesting.tests.Q9AdvancedScenarioScenarios2" name="logInAsUser22" time="4.764"/>
  <testcase classname="com.sgtesting.tests.Q9AdvancedScenarioScenarios2" name="logOutUser22" time="2.232"/>
  <testcase classname="com.sgtesting.tests.Q9AdvancedScenarioScenarios2" name="logInAdmin" time="4.792"/>
  <testcase classname="com.sgtesting.tests.Q9AdvancedScenarioScenarios2" name="modifyUser1" time="10.062"/>
  <testcase classname="com.sgtesting.tests.Q9AdvancedScenarioScenarios2" name="logOutAdmin1" time="2.256"/>
  <testcase classname="com.sgtesting.tests.Q9AdvancedScenarioScenarios2" name="logInAsUser12" time="4.733"/>
  <testcase classname="com.sgtesting.tests.Q9AdvancedScenarioScenarios2" name="logOutUser12" time="2.349"/>
  <testcase classname="com.sgtesting.tests.Q9AdvancedScenarioScenarios2" name="logInAsUser23" time="4.769"/>
  <testcase classname="com.sgtesting.tests.Q9AdvancedScenarioScenarios2" name="deleteUser3" time="4.395"/>
  <testcase classname="com.sgtesting.tests.Q9AdvancedScenarioScenarios2" name="logOutUser23" time="2.219"/>
  <testcase classname="com.sgtesting.tests.Q9AdvancedScenarioScenarios2" name="logInAsUser13" time="4.811"/>
  <testcase classname="com.sgtesting.tests.Q9AdvancedScenarioScenarios2" name="deleteUser2" time="4.195"/>
  <testcase classname="com.sgtesting.tests.Q9AdvancedScenarioScenarios2" name="logOutUser13" time="0.247"/>
  <testcase classname="com.sgtesting.tests.Q9AdvancedScenarioScenarios2" name="logInAdmin1" time="4.624"/>
  <testcase classname="com.sgtesting.tests.Q9AdvancedScenarioScenarios2" name="deleteUser1" time="4.253"/>
  <testcase classname="com.sgtesting.tests.Q9AdvancedScenarioScenarios2" name="logOutAdmin12" time="0.246"/>
  <testcase classname="com.sgtesting.tests.Q9AdvancedScenarioScenarios2" name="closeApplication" time="5.632"/>
</testsuite> <!-- Scenarios -->
