<?xml version="1.0" encoding="UTF-8"?>
<!-- Generated by org.testng.reporters.JUnitXMLReporter -->
<testsuite ignored="0" hostname="Tanu" failures="0" tests="143" name="Scenarios" time="677.085" errors="0" timestamp="2023-12-20T17:19:15 IST">
  <testcase classname="com.sgtesting.tests.testcases.UnitTestCases" name="testCase1" time="0.193"/>
  <testcase classname="com.sgtesting.tests.testcases.UnitTestCases" name="testCase2" time="0.002"/>
  <testcase classname="com.sgtesting.tests.testcases.UnitTestCases" name="testCase3" time="0.002"/>
  <testcase classname="com.sgtesting.tests.testcases.UnitTestCases" name="testCase4" time="0.003"/>
  <testcase classname="com.sgtesting.tests.pomscenarios.Q1CreateDeleteUserScenario" name="launchBrowser" time="8.393"/>
  <testcase classname="com.sgtesting.tests.pomscenarios.Q1CreateDeleteUserScenario" name="navigate" time="6.54"/>
  <testcase classname="com.sgtesting.tests.pomscenarios.Q1CreateDeleteUserScenario" name="login" time="3.626"/>
  <testcase classname="com.sgtesting.tests.pomscenarios.Q1CreateDeleteUserScenario" name="minimizeFlyWindow" time="1.315"/>
  <testcase classname="com.sgtesting.tests.pomscenarios.Q1CreateDeleteUserScenario" name="createUser" time="13.38"/>
  <testcase classname="com.sgtesting.tests.pomscenarios.Q1CreateDeleteUserScenario" name="deleteUser" time="6.296"/>
  <testcase classname="com.sgtesting.tests.pomscenarios.Q1CreateDeleteUserScenario" name="logOut" time="2.391"/>
  <testcase classname="com.sgtesting.tests.pomscenarios.Q1CreateDeleteUserScenario" name="closeBrowser" time="9.825"/>
  <testcase classname="com.sgtesting.tests.pomscenarios.Q2ModifyUser" name="launchBrowser" time="2.648"/>
  <testcase classname="com.sgtesting.tests.pomscenarios.Q2ModifyUser" name="navigate" time="3.755"/>
  <testcase classname="com.sgtesting.tests.pomscenarios.Q2ModifyUser" name="login" time="3.851"/>
  <testcase classname="com.sgtesting.tests.pomscenarios.Q2ModifyUser" name="minimizeFlyWindow" time="1.099"/>
  <testcase classname="com.sgtesting.tests.pomscenarios.Q2ModifyUser" name="createUser" time="13.824"/>
  <testcase classname="com.sgtesting.tests.pomscenarios.Q2ModifyUser" name="modifyUser" time="6.858"/>
  <testcase classname="com.sgtesting.tests.pomscenarios.Q2ModifyUser" name="deleteUser" time="6.556"/>
  <testcase classname="com.sgtesting.tests.pomscenarios.Q2ModifyUser" name="logOut" time="2.357"/>
  <testcase classname="com.sgtesting.tests.pomscenarios.Q2ModifyUser" name="closeBrowser" time="0.337"/>
  <testcase classname="com.sgtesting.tests.pomscenarios.Q3CreateDeleteCustomer" name="launchBrowser" time="2.216"/>
  <testcase classname="com.sgtesting.tests.pomscenarios.Q3CreateDeleteCustomer" name="navigate" time="3.409"/>
  <testcase classname="com.sgtesting.tests.pomscenarios.Q3CreateDeleteCustomer" name="login" time="4.575"/>
  <testcase classname="com.sgtesting.tests.pomscenarios.Q3CreateDeleteCustomer" name="minimizeFlyWindow" time="1.091"/>
  <testcase classname="com.sgtesting.tests.pomscenarios.Q3CreateDeleteCustomer" name="createCustomer" time="9.711"/>
  <testcase classname="com.sgtesting.tests.pomscenarios.Q3CreateDeleteCustomer" name="deleteCustomer" time="8.426"/>
  <testcase classname="com.sgtesting.tests.pomscenarios.Q3CreateDeleteCustomer" name="logOutAdmin" time="1.311"/>
  <testcase classname="com.sgtesting.tests.pomscenarios.Q3CreateDeleteCustomer" name="closeBrowser" time="6.332"/>
  <testcase classname="com.sgtesting.tests.pomscenarios.Q4CreateModifyDeleteCustomer" name="launchBrowser" time="2.19"/>
  <testcase classname="com.sgtesting.tests.pomscenarios.Q4CreateModifyDeleteCustomer" name="navigate" time="3.454"/>
  <testcase classname="com.sgtesting.tests.pomscenarios.Q4CreateModifyDeleteCustomer" name="login" time="4.517"/>
  <testcase classname="com.sgtesting.tests.pomscenarios.Q4CreateModifyDeleteCustomer" name="minimizeFlyWindow" time="1.074"/>
  <testcase classname="com.sgtesting.tests.pomscenarios.Q4CreateModifyDeleteCustomer" name="createCustomer" time="9.546"/>
  <testcase classname="com.sgtesting.tests.pomscenarios.Q4CreateModifyDeleteCustomer" name="modifyCustomer" time="5.423"/>
  <testcase classname="com.sgtesting.tests.pomscenarios.Q4CreateModifyDeleteCustomer" name="deleteCustomer" time="8.485"/>
  <testcase classname="com.sgtesting.tests.pomscenarios.Q4CreateModifyDeleteCustomer" name="logOutAdmin" time="1.296"/>
  <testcase classname="com.sgtesting.tests.pomscenarios.Q4CreateModifyDeleteCustomer" name="closeBrowser" time="5.254"/>
  <testcase classname="com.sgtesting.tests.pomscenarios.Q5CreateCustomeProjectAndDelete" name="launchBrowser" time="2.281"/>
  <testcase classname="com.sgtesting.tests.pomscenarios.Q5CreateCustomeProjectAndDelete" name="navigate" time="3.372"/>
  <testcase classname="com.sgtesting.tests.pomscenarios.Q5CreateCustomeProjectAndDelete" name="login" time="4.304"/>
  <testcase classname="com.sgtesting.tests.pomscenarios.Q5CreateCustomeProjectAndDelete" name="minimizeFlyWindow" time="1.126"/>
  <testcase classname="com.sgtesting.tests.pomscenarios.Q5CreateCustomeProjectAndDelete" name="createCustomer" time="9.434"/>
  <testcase classname="com.sgtesting.tests.pomscenarios.Q5CreateCustomeProjectAndDelete" name="createProject" time="7.747"/>
  <testcase classname="com.sgtesting.tests.pomscenarios.Q5CreateCustomeProjectAndDelete" name="deleteCustomer" time="8.535"/>
  <testcase classname="com.sgtesting.tests.pomscenarios.Q5CreateCustomeProjectAndDelete" name="logOutAdmin" time="1.354"/>
  <testcase classname="com.sgtesting.tests.pomscenarios.Q5CreateCustomeProjectAndDelete" name="closeBrowser" time="0.342"/>
  <testcase classname="com.sgtesting.tests.pomscenarios.Q6CreateCustomeProjectModifyProjectAndDeleteAll" name="launchBrowser" time="2.354"/>
  <testcase classname="com.sgtesting.tests.pomscenarios.Q6CreateCustomeProjectModifyProjectAndDeleteAll" name="navigate" time="3.42"/>
  <testcase classname="com.sgtesting.tests.pomscenarios.Q6CreateCustomeProjectModifyProjectAndDeleteAll" name="login" time="4.724"/>
  <testcase classname="com.sgtesting.tests.pomscenarios.Q6CreateCustomeProjectModifyProjectAndDeleteAll" name="minimizeFlyWindow" time="1.069"/>
  <testcase classname="com.sgtesting.tests.pomscenarios.Q6CreateCustomeProjectModifyProjectAndDeleteAll" name="createCustomer" time="9.714"/>
  <testcase classname="com.sgtesting.tests.pomscenarios.Q6CreateCustomeProjectModifyProjectAndDeleteAll" name="createProject" time="7.92"/>
  <testcase classname="com.sgtesting.tests.pomscenarios.Q6CreateCustomeProjectModifyProjectAndDeleteAll" name="modifyProject" time="5.402"/>
  <testcase classname="com.sgtesting.tests.pomscenarios.Q6CreateCustomeProjectModifyProjectAndDeleteAll" name="deleteCustomer" time="8.521"/>
  <testcase classname="com.sgtesting.tests.pomscenarios.Q6CreateCustomeProjectModifyProjectAndDeleteAll" name="logOutAdmin" time="1.311"/>
  <testcase classname="com.sgtesting.tests.pomscenarios.Q6CreateCustomeProjectModifyProjectAndDeleteAll" name="closeBrowser" time="6.491"/>
  <testcase classname="com.sgtesting.tests.pomscenarios.Q7CreateCustomerProjectTaskAndDeleteAll" name="launchBrowser" time="2.254"/>
  <testcase classname="com.sgtesting.tests.pomscenarios.Q7CreateCustomerProjectTaskAndDeleteAll" name="navigate" time="3.339"/>
  <testcase classname="com.sgtesting.tests.pomscenarios.Q7CreateCustomerProjectTaskAndDeleteAll" name="login" time="6.506"/>
  <testcase classname="com.sgtesting.tests.pomscenarios.Q7CreateCustomerProjectTaskAndDeleteAll" name="minimizeFlyWindow" time="1.113"/>
  <testcase classname="com.sgtesting.tests.pomscenarios.Q7CreateCustomerProjectTaskAndDeleteAll" name="createCustomer" time="9.58"/>
  <testcase classname="com.sgtesting.tests.pomscenarios.Q7CreateCustomerProjectTaskAndDeleteAll" name="createProject" time="7.604"/>
  <testcase classname="com.sgtesting.tests.pomscenarios.Q7CreateCustomerProjectTaskAndDeleteAll" name="createTask" time="7.6"/>
  <testcase classname="com.sgtesting.tests.pomscenarios.Q7CreateCustomerProjectTaskAndDeleteAll" name="deleteTask" time="10.268"/>
  <testcase classname="com.sgtesting.tests.pomscenarios.Q7CreateCustomerProjectTaskAndDeleteAll" name="deleteProject" time="9.392"/>
  <testcase classname="com.sgtesting.tests.pomscenarios.Q7CreateCustomerProjectTaskAndDeleteAll" name="deleteCustomer" time="8.457"/>
  <testcase classname="com.sgtesting.tests.pomscenarios.Q7CreateCustomerProjectTaskAndDeleteAll" name="logOutAdmin" time="1.312"/>
  <testcase classname="com.sgtesting.tests.pomscenarios.Q7CreateCustomerProjectTaskAndDeleteAll" name="closeBrowser" time="5.775"/>
  <testcase classname="com.sgtesting.tests.pomscenarios.Q8AdvancedScenarios" name="launchBrowser" time="2.251"/>
  <testcase classname="com.sgtesting.tests.pomscenarios.Q8AdvancedScenarios" name="navigate" time="3.325"/>
  <testcase classname="com.sgtesting.tests.pomscenarios.Q8AdvancedScenarios" name="login" time="4.429"/>
  <testcase classname="com.sgtesting.tests.pomscenarios.Q8AdvancedScenarios" name="minimizeFlyWindow" time="1.084"/>
  <testcase classname="com.sgtesting.tests.pomscenarios.Q8AdvancedScenarios" name="createUsers" time="8.377"/>
  <testcase classname="com.sgtesting.tests.pomscenarios.Q8AdvancedScenarios" name="createUsers" time="7.476"/>
  <testcase classname="com.sgtesting.tests.pomscenarios.Q8AdvancedScenarios" name="createUsers" time="7.334"/>
  <testcase classname="com.sgtesting.tests.pomscenarios.Q8AdvancedScenarios" name="logOut" time="1.295"/>
  <testcase classname="com.sgtesting.tests.pomscenarios.Q8AdvancedScenarios" name="logInAsUser1" time="10.079"/>
  <testcase classname="com.sgtesting.tests.pomscenarios.Q8AdvancedScenarios" name="minimizeFlyWindow1" time="2.172"/>
  <testcase classname="com.sgtesting.tests.pomscenarios.Q8AdvancedScenarios" name="logOutUser1" time="1.265"/>
  <testcase classname="com.sgtesting.tests.pomscenarios.Q8AdvancedScenarios" name="logInAsUser2" time="5.716"/>
  <testcase classname="com.sgtesting.tests.pomscenarios.Q8AdvancedScenarios" name="minimizeFlyWindow2" time="2.093"/>
  <testcase classname="com.sgtesting.tests.pomscenarios.Q8AdvancedScenarios" name="logOutUser2" time="1.265"/>
  <testcase classname="com.sgtesting.tests.pomscenarios.Q8AdvancedScenarios" name="logInAsUSer3" time="7.004"/>
  <testcase classname="com.sgtesting.tests.pomscenarios.Q8AdvancedScenarios" name="minimizeFlyWindow3" time="2.077"/>
  <testcase classname="com.sgtesting.tests.pomscenarios.Q8AdvancedScenarios" name="logOutUser3" time="1.289"/>
  <testcase classname="com.sgtesting.tests.pomscenarios.Q8AdvancedScenarios" name="adminLogin" time="5.676"/>
  <testcase classname="com.sgtesting.tests.pomscenarios.Q8AdvancedScenarios" name="minimizeFlyWindow4" time="2.111"/>
  <testcase classname="com.sgtesting.tests.pomscenarios.Q8AdvancedScenarios" name="modifyUsersPassword" time="27.948"/>
  <testcase classname="com.sgtesting.tests.pomscenarios.Q8AdvancedScenarios" name="logOutAdmin" time="1.284"/>
  <testcase classname="com.sgtesting.tests.pomscenarios.Q8AdvancedScenarios" name="logInAsUser11" time="5.787"/>
  <testcase classname="com.sgtesting.tests.pomscenarios.Q8AdvancedScenarios" name="logOutUser11" time="1.257"/>
  <testcase classname="com.sgtesting.tests.pomscenarios.Q8AdvancedScenarios" name="logInAsUser21" time="5.514"/>
  <testcase classname="com.sgtesting.tests.pomscenarios.Q8AdvancedScenarios" name="logOutUser21" time="1.235"/>
  <testcase classname="com.sgtesting.tests.pomscenarios.Q8AdvancedScenarios" name="logInAsUSer31" time="5.433"/>
  <testcase classname="com.sgtesting.tests.pomscenarios.Q8AdvancedScenarios" name="logOutUser31" time="1.264"/>
  <testcase classname="com.sgtesting.tests.pomscenarios.Q8AdvancedScenarios" name="logInAsAdmin1" time="5.64"/>
  <testcase classname="com.sgtesting.tests.pomscenarios.Q8AdvancedScenarios" name="minimizeFlyWindow41" time="2.179"/>
  <testcase classname="com.sgtesting.tests.pomscenarios.Q8AdvancedScenarios" name="deleteUsers" time="9.996"/>
  <testcase classname="com.sgtesting.tests.pomscenarios.Q8AdvancedScenarios" name="logOutAdmin1" time="1.342"/>
  <testcase classname="com.sgtesting.tests.pomscenarios.Q8AdvancedScenarios" name="closeApplication" time="5.355"/>
  <testcase classname="com.sgtesting.tests.pomscenarios.Q9AdvancedScenarioScenarios2" name="launchBrowser" time="2.251"/>
  <testcase classname="com.sgtesting.tests.pomscenarios.Q9AdvancedScenarioScenarios2" name="navigate" time="3.394"/>
  <testcase classname="com.sgtesting.tests.pomscenarios.Q9AdvancedScenarioScenarios2" name="login" time="8.794"/>
  <testcase classname="com.sgtesting.tests.pomscenarios.Q9AdvancedScenarioScenarios2" name="minimizeFlyWindow" time="1.084"/>
  <testcase classname="com.sgtesting.tests.pomscenarios.Q9AdvancedScenarioScenarios2" name="createUser1" time="12.844"/>
  <testcase classname="com.sgtesting.tests.pomscenarios.Q9AdvancedScenarioScenarios2" name="logOutAdmin" time="1.344"/>
  <testcase classname="com.sgtesting.tests.pomscenarios.Q9AdvancedScenarioScenarios2" name="logInAsUser1" time="7.204"/>
  <testcase classname="com.sgtesting.tests.pomscenarios.Q9AdvancedScenarioScenarios2" name="minimizeFlyWindow1" time="2.191"/>
  <testcase classname="com.sgtesting.tests.pomscenarios.Q9AdvancedScenarioScenarios2" name="createUser2" time="11.866"/>
  <testcase classname="com.sgtesting.tests.pomscenarios.Q9AdvancedScenarioScenarios2" name="logOutUser1" time="1.291"/>
  <testcase classname="com.sgtesting.tests.pomscenarios.Q9AdvancedScenarioScenarios2" name="logInAsUser2" time="7.352"/>
  <testcase classname="com.sgtesting.tests.pomscenarios.Q9AdvancedScenarioScenarios2" name="minimizeFlyWindow2" time="2.106"/>
  <testcase classname="com.sgtesting.tests.pomscenarios.Q9AdvancedScenarioScenarios2" name="createUser3" time="11.477"/>
  <testcase classname="com.sgtesting.tests.pomscenarios.Q9AdvancedScenarioScenarios2" name="logOutUser2" time="1.394"/>
  <testcase classname="com.sgtesting.tests.pomscenarios.Q9AdvancedScenarioScenarios2" name="logInAsUser3" time="5.786"/>
  <testcase classname="com.sgtesting.tests.pomscenarios.Q9AdvancedScenarioScenarios2" name="minimizeFlyWindow3" time="2.088"/>
  <testcase classname="com.sgtesting.tests.pomscenarios.Q9AdvancedScenarioScenarios2" name="logOutUser3" time="1.252"/>
  <testcase classname="com.sgtesting.tests.pomscenarios.Q9AdvancedScenarioScenarios2" name="logInAsUser21" time="5.762"/>
  <testcase classname="com.sgtesting.tests.pomscenarios.Q9AdvancedScenarioScenarios2" name="modifyUser3" time="10.122"/>
  <testcase classname="com.sgtesting.tests.pomscenarios.Q9AdvancedScenarioScenarios2" name="logOutUser21" time="1.251"/>
  <testcase classname="com.sgtesting.tests.pomscenarios.Q9AdvancedScenarioScenarios2" name="logInAsUser31" time="5.879"/>
  <testcase classname="com.sgtesting.tests.pomscenarios.Q9AdvancedScenarioScenarios2" name="logOutUser31" time="1.264"/>
  <testcase classname="com.sgtesting.tests.pomscenarios.Q9AdvancedScenarioScenarios2" name="logInAsUser11" time="5.792"/>
  <testcase classname="com.sgtesting.tests.pomscenarios.Q9AdvancedScenarioScenarios2" name="modifyUser2" time="10.238"/>
  <testcase classname="com.sgtesting.tests.pomscenarios.Q9AdvancedScenarioScenarios2" name="logOutUser11" time="1.26"/>
  <testcase classname="com.sgtesting.tests.pomscenarios.Q9AdvancedScenarioScenarios2" name="logInAsUser22" time="5.728"/>
  <testcase classname="com.sgtesting.tests.pomscenarios.Q9AdvancedScenarioScenarios2" name="logOutUser22" time="1.274"/>
  <testcase classname="com.sgtesting.tests.pomscenarios.Q9AdvancedScenarioScenarios2" name="logInAdmin" time="5.607"/>
  <testcase classname="com.sgtesting.tests.pomscenarios.Q9AdvancedScenarioScenarios2" name="modifyUser1" time="10.491"/>
  <testcase classname="com.sgtesting.tests.pomscenarios.Q9AdvancedScenarioScenarios2" name="logOutAdmin1" time="1.333"/>
  <testcase classname="com.sgtesting.tests.pomscenarios.Q9AdvancedScenarioScenarios2" name="logInAsUser12" time="5.795"/>
  <testcase classname="com.sgtesting.tests.pomscenarios.Q9AdvancedScenarioScenarios2" name="logOutUser12" time="1.252"/>
  <testcase classname="com.sgtesting.tests.pomscenarios.Q9AdvancedScenarioScenarios2" name="logInAsUser23" time="5.711"/>
  <testcase classname="com.sgtesting.tests.pomscenarios.Q9AdvancedScenarioScenarios2" name="deleteUser3" time="4.257"/>
  <testcase classname="com.sgtesting.tests.pomscenarios.Q9AdvancedScenarioScenarios2" name="logOutUser23" time="1.292"/>
  <testcase classname="com.sgtesting.tests.pomscenarios.Q9AdvancedScenarioScenarios2" name="logInAsUser13" time="5.851"/>
  <testcase classname="com.sgtesting.tests.pomscenarios.Q9AdvancedScenarioScenarios2" name="deleteUser2" time="4.304"/>
  <testcase classname="com.sgtesting.tests.pomscenarios.Q9AdvancedScenarioScenarios2" name="logOutUser13" time="1.219"/>
  <testcase classname="com.sgtesting.tests.pomscenarios.Q9AdvancedScenarioScenarios2" name="logInAdmin1" time="5.546"/>
  <testcase classname="com.sgtesting.tests.pomscenarios.Q9AdvancedScenarioScenarios2" name="deleteUser1" time="4.242"/>
  <testcase classname="com.sgtesting.tests.pomscenarios.Q9AdvancedScenarioScenarios2" name="logOutAdmin12" time="1.271"/>
  <testcase classname="com.sgtesting.tests.pomscenarios.Q9AdvancedScenarioScenarios2" name="closeApplication" time="0.341"/>
</testsuite> <!-- Scenarios -->
